SF:/home/runner/work/firedancer-marcus/firedancer-marcus/src/util/alloc/fd_alloc.h
FN:244,fuzz_pcap.c:fd_alloc_join_cgroup_hint
FN:250,fuzz_pcap.c:fd_alloc_join_cgroup_hint_set
FN:325,fuzz_pcap.c:fd_alloc_malloc
FN:612,fuzz_pcap.c:fd_alloc_max_expand
FN:244,fd_util.c:fd_alloc_join_cgroup_hint
FN:250,fd_util.c:fd_alloc_join_cgroup_hint_set
FN:325,fd_util.c:fd_alloc_malloc
FN:612,fd_util.c:fd_alloc_max_expand
FNDA:0,fuzz_pcap.c:fd_alloc_join_cgroup_hint
FNDA:0,fuzz_pcap.c:fd_alloc_join_cgroup_hint_set
FNDA:0,fuzz_pcap.c:fd_alloc_malloc
FNDA:0,fuzz_pcap.c:fd_alloc_max_expand
FNDA:0,fd_util.c:fd_alloc_join_cgroup_hint
FNDA:0,fd_util.c:fd_alloc_join_cgroup_hint_set
FNDA:0,fd_util.c:fd_alloc_malloc
FNDA:0,fd_util.c:fd_alloc_max_expand
FNF:4
FNH:0
DA:244,0
DA:245,0
DA:246,0
DA:250,0
DA:251,0
DA:252,0
DA:325,0
DA:326,0
DA:327,0
DA:328,0
DA:612,0
DA:613,0
DA:614,0
DA:615,0
DA:616,0
BRF:0
BRH:0
LF:15
LH:0
end_of_record
SF:/home/runner/work/firedancer-marcus/firedancer-marcus/src/util/bits/fd_bits.h
FN:173,fuzz_pcap.c:fd_uchar_is_pow2
FN:174,fuzz_pcap.c:fd_uchar_pow2
FN:175,fuzz_pcap.c:fd_uchar_mask_bit
FN:176,fuzz_pcap.c:fd_uchar_clear_bit
FN:177,fuzz_pcap.c:fd_uchar_set_bit
FN:178,fuzz_pcap.c:fd_uchar_flip_bit
FN:179,fuzz_pcap.c:fd_uchar_extract_bit
FN:180,fuzz_pcap.c:fd_uchar_insert_bit
FN:181,fuzz_pcap.c:fd_uchar_mask_lsb
FN:182,fuzz_pcap.c:fd_uchar_clear_lsb
FN:183,fuzz_pcap.c:fd_uchar_set_lsb
FN:184,fuzz_pcap.c:fd_uchar_flip_lsb
FN:185,fuzz_pcap.c:fd_uchar_extract_lsb
FN:186,fuzz_pcap.c:fd_uchar_insert_lsb
FN:187,fuzz_pcap.c:fd_uchar_mask
FN:188,fuzz_pcap.c:fd_uchar_clear
FN:189,fuzz_pcap.c:fd_uchar_set
FN:190,fuzz_pcap.c:fd_uchar_flip
FN:191,fuzz_pcap.c:fd_uchar_extract
FN:192,fuzz_pcap.c:fd_uchar_insert
FN:193,fuzz_pcap.c:fd_uchar_pop_lsb
FN:194,fuzz_pcap.c:fd_uchar_is_aligned
FN:195,fuzz_pcap.c:fd_uchar_alignment
FN:196,fuzz_pcap.c:fd_uchar_align_dn
FN:197,fuzz_pcap.c:fd_uchar_align_up
FN:198,fuzz_pcap.c:fd_uchar_blend
FN:199,fuzz_pcap.c:fd_uchar_if
FN:200,fuzz_pcap.c:fd_uchar_store_if
FN:201,fuzz_pcap.c:fd_uchar_abs
FN:202,fuzz_pcap.c:fd_uchar_min
FN:203,fuzz_pcap.c:fd_uchar_max
FN:204,fuzz_pcap.c:fd_uchar_shift_left
FN:205,fuzz_pcap.c:fd_uchar_shift_right
FN:206,fuzz_pcap.c:fd_uchar_rotate_left
FN:207,fuzz_pcap.c:fd_uchar_rotate_right
FN:173,fuzz_pcap.c:fd_ushort_is_pow2
FN:174,fuzz_pcap.c:fd_ushort_pow2
FN:175,fuzz_pcap.c:fd_ushort_mask_bit
FN:176,fuzz_pcap.c:fd_ushort_clear_bit
FN:177,fuzz_pcap.c:fd_ushort_set_bit
FN:178,fuzz_pcap.c:fd_ushort_flip_bit
FN:179,fuzz_pcap.c:fd_ushort_extract_bit
FN:180,fuzz_pcap.c:fd_ushort_insert_bit
FN:181,fuzz_pcap.c:fd_ushort_mask_lsb
FN:182,fuzz_pcap.c:fd_ushort_clear_lsb
FN:183,fuzz_pcap.c:fd_ushort_set_lsb
FN:184,fuzz_pcap.c:fd_ushort_flip_lsb
FN:185,fuzz_pcap.c:fd_ushort_extract_lsb
FN:186,fuzz_pcap.c:fd_ushort_insert_lsb
FN:187,fuzz_pcap.c:fd_ushort_mask
FN:188,fuzz_pcap.c:fd_ushort_clear
FN:189,fuzz_pcap.c:fd_ushort_set
FN:190,fuzz_pcap.c:fd_ushort_flip
FN:191,fuzz_pcap.c:fd_ushort_extract
FN:192,fuzz_pcap.c:fd_ushort_insert
FN:193,fuzz_pcap.c:fd_ushort_pop_lsb
FN:194,fuzz_pcap.c:fd_ushort_is_aligned
FN:195,fuzz_pcap.c:fd_ushort_alignment
FN:196,fuzz_pcap.c:fd_ushort_align_dn
FN:197,fuzz_pcap.c:fd_ushort_align_up
FN:198,fuzz_pcap.c:fd_ushort_blend
FN:199,fuzz_pcap.c:fd_ushort_if
FN:200,fuzz_pcap.c:fd_ushort_store_if
FN:201,fuzz_pcap.c:fd_ushort_abs
FN:202,fuzz_pcap.c:fd_ushort_min
FN:203,fuzz_pcap.c:fd_ushort_max
FN:204,fuzz_pcap.c:fd_ushort_shift_left
FN:205,fuzz_pcap.c:fd_ushort_shift_right
FN:206,fuzz_pcap.c:fd_ushort_rotate_left
FN:207,fuzz_pcap.c:fd_ushort_rotate_right
FN:173,fuzz_pcap.c:fd_uint_is_pow2
FN:174,fuzz_pcap.c:fd_uint_pow2
FN:175,fuzz_pcap.c:fd_uint_mask_bit
FN:176,fuzz_pcap.c:fd_uint_clear_bit
FN:177,fuzz_pcap.c:fd_uint_set_bit
FN:178,fuzz_pcap.c:fd_uint_flip_bit
FN:179,fuzz_pcap.c:fd_uint_extract_bit
FN:180,fuzz_pcap.c:fd_uint_insert_bit
FN:181,fuzz_pcap.c:fd_uint_mask_lsb
FN:182,fuzz_pcap.c:fd_uint_clear_lsb
FN:183,fuzz_pcap.c:fd_uint_set_lsb
FN:184,fuzz_pcap.c:fd_uint_flip_lsb
FN:185,fuzz_pcap.c:fd_uint_extract_lsb
FN:186,fuzz_pcap.c:fd_uint_insert_lsb
FN:187,fuzz_pcap.c:fd_uint_mask
FN:188,fuzz_pcap.c:fd_uint_clear
FN:189,fuzz_pcap.c:fd_uint_set
FN:190,fuzz_pcap.c:fd_uint_flip
FN:191,fuzz_pcap.c:fd_uint_extract
FN:192,fuzz_pcap.c:fd_uint_insert
FN:193,fuzz_pcap.c:fd_uint_pop_lsb
FN:194,fuzz_pcap.c:fd_uint_is_aligned
FN:195,fuzz_pcap.c:fd_uint_alignment
FN:196,fuzz_pcap.c:fd_uint_align_dn
FN:197,fuzz_pcap.c:fd_uint_align_up
FN:198,fuzz_pcap.c:fd_uint_blend
FN:199,fuzz_pcap.c:fd_uint_if
FN:200,fuzz_pcap.c:fd_uint_store_if
FN:201,fuzz_pcap.c:fd_uint_abs
FN:202,fuzz_pcap.c:fd_uint_min
FN:203,fuzz_pcap.c:fd_uint_max
FN:204,fuzz_pcap.c:fd_uint_shift_left
FN:205,fuzz_pcap.c:fd_uint_shift_right
FN:206,fuzz_pcap.c:fd_uint_rotate_left
FN:207,fuzz_pcap.c:fd_uint_rotate_right
FN:173,fuzz_pcap.c:fd_ulong_is_pow2
FN:174,fuzz_pcap.c:fd_ulong_pow2
FN:175,fuzz_pcap.c:fd_ulong_mask_bit
FN:176,fuzz_pcap.c:fd_ulong_clear_bit
FN:177,fuzz_pcap.c:fd_ulong_set_bit
FN:178,fuzz_pcap.c:fd_ulong_flip_bit
FN:179,fuzz_pcap.c:fd_ulong_extract_bit
FN:180,fuzz_pcap.c:fd_ulong_insert_bit
FN:181,fuzz_pcap.c:fd_ulong_mask_lsb
FN:182,fuzz_pcap.c:fd_ulong_clear_lsb
FN:183,fuzz_pcap.c:fd_ulong_set_lsb
FN:184,fuzz_pcap.c:fd_ulong_flip_lsb
FN:185,fuzz_pcap.c:fd_ulong_extract_lsb
FN:186,fuzz_pcap.c:fd_ulong_insert_lsb
FN:187,fuzz_pcap.c:fd_ulong_mask
FN:188,fuzz_pcap.c:fd_ulong_clear
FN:189,fuzz_pcap.c:fd_ulong_set
FN:190,fuzz_pcap.c:fd_ulong_flip
FN:191,fuzz_pcap.c:fd_ulong_extract
FN:192,fuzz_pcap.c:fd_ulong_insert
FN:193,fuzz_pcap.c:fd_ulong_pop_lsb
FN:194,fuzz_pcap.c:fd_ulong_is_aligned
FN:195,fuzz_pcap.c:fd_ulong_alignment
FN:196,fuzz_pcap.c:fd_ulong_align_dn
FN:197,fuzz_pcap.c:fd_ulong_align_up
FN:198,fuzz_pcap.c:fd_ulong_blend
FN:199,fuzz_pcap.c:fd_ulong_if
FN:200,fuzz_pcap.c:fd_ulong_store_if
FN:201,fuzz_pcap.c:fd_ulong_abs
FN:202,fuzz_pcap.c:fd_ulong_min
FN:203,fuzz_pcap.c:fd_ulong_max
FN:204,fuzz_pcap.c:fd_ulong_shift_left
FN:205,fuzz_pcap.c:fd_ulong_shift_right
FN:206,fuzz_pcap.c:fd_ulong_rotate_left
FN:207,fuzz_pcap.c:fd_ulong_rotate_right
FN:173,fuzz_pcap.c:fd_uint128_is_pow2
FN:174,fuzz_pcap.c:fd_uint128_pow2
FN:175,fuzz_pcap.c:fd_uint128_mask_bit
FN:176,fuzz_pcap.c:fd_uint128_clear_bit
FN:177,fuzz_pcap.c:fd_uint128_set_bit
FN:178,fuzz_pcap.c:fd_uint128_flip_bit
FN:179,fuzz_pcap.c:fd_uint128_extract_bit
FN:180,fuzz_pcap.c:fd_uint128_insert_bit
FN:181,fuzz_pcap.c:fd_uint128_mask_lsb
FN:182,fuzz_pcap.c:fd_uint128_clear_lsb
FN:183,fuzz_pcap.c:fd_uint128_set_lsb
FN:184,fuzz_pcap.c:fd_uint128_flip_lsb
FN:185,fuzz_pcap.c:fd_uint128_extract_lsb
FN:186,fuzz_pcap.c:fd_uint128_insert_lsb
FN:187,fuzz_pcap.c:fd_uint128_mask
FN:188,fuzz_pcap.c:fd_uint128_clear
FN:189,fuzz_pcap.c:fd_uint128_set
FN:190,fuzz_pcap.c:fd_uint128_flip
FN:191,fuzz_pcap.c:fd_uint128_extract
FN:192,fuzz_pcap.c:fd_uint128_insert
FN:193,fuzz_pcap.c:fd_uint128_pop_lsb
FN:194,fuzz_pcap.c:fd_uint128_is_aligned
FN:195,fuzz_pcap.c:fd_uint128_alignment
FN:196,fuzz_pcap.c:fd_uint128_align_dn
FN:197,fuzz_pcap.c:fd_uint128_align_up
FN:198,fuzz_pcap.c:fd_uint128_blend
FN:199,fuzz_pcap.c:fd_uint128_if
FN:200,fuzz_pcap.c:fd_uint128_store_if
FN:201,fuzz_pcap.c:fd_uint128_abs
FN:202,fuzz_pcap.c:fd_uint128_min
FN:203,fuzz_pcap.c:fd_uint128_max
FN:204,fuzz_pcap.c:fd_uint128_shift_left
FN:205,fuzz_pcap.c:fd_uint128_shift_right
FN:206,fuzz_pcap.c:fd_uint128_rotate_left
FN:207,fuzz_pcap.c:fd_uint128_rotate_right
FN:220,fuzz_pcap.c:fd_uchar_popcnt
FN:221,fuzz_pcap.c:fd_ushort_popcnt
FN:222,fuzz_pcap.c:fd_uint_popcnt
FN:223,fuzz_pcap.c:fd_ulong_popcnt
FN:227,fuzz_pcap.c:fd_uint128_popcnt
FN:235,fuzz_pcap.c:fd_uchar_bswap
FN:236,fuzz_pcap.c:fd_ushort_bswap
FN:237,fuzz_pcap.c:fd_uint_bswap
FN:238,fuzz_pcap.c:fd_ulong_bswap
FN:242,fuzz_pcap.c:fd_uint128_bswap
FN:254,fuzz_pcap.c:fd_uchar_pow2_up
FN:265,fuzz_pcap.c:fd_uchar_pow2_dn
FN:276,fuzz_pcap.c:fd_ushort_pow2_up
FN:288,fuzz_pcap.c:fd_ushort_pow2_dn
FN:300,fuzz_pcap.c:fd_uint_pow2_up
FN:312,fuzz_pcap.c:fd_uint_pow2_dn
FN:324,fuzz_pcap.c:fd_ulong_pow2_up
FN:337,fuzz_pcap.c:fd_ulong_pow2_dn
FN:351,fuzz_pcap.c:fd_uint128_pow2_up
FN:365,fuzz_pcap.c:fd_uint128_pow2_dn
FN:403,fuzz_pcap.c:fd_schar_if
FN:404,fuzz_pcap.c:fd_schar_store_if
FN:405,fuzz_pcap.c:fd_schar_abs
FN:406,fuzz_pcap.c:fd_schar_min
FN:407,fuzz_pcap.c:fd_schar_max
FN:408,fuzz_pcap.c:fd_schar_shift_left
FN:409,fuzz_pcap.c:fd_schar_shift_right
FN:410,fuzz_pcap.c:fd_schar_rotate_left
FN:411,fuzz_pcap.c:fd_schar_rotate_right
FN:412,fuzz_pcap.c:fd_schar_zz_enc
FN:413,fuzz_pcap.c:fd_schar_zz_dec
FN:403,fuzz_pcap.c:fd_short_if
FN:404,fuzz_pcap.c:fd_short_store_if
FN:405,fuzz_pcap.c:fd_short_abs
FN:406,fuzz_pcap.c:fd_short_min
FN:407,fuzz_pcap.c:fd_short_max
FN:408,fuzz_pcap.c:fd_short_shift_left
FN:409,fuzz_pcap.c:fd_short_shift_right
FN:410,fuzz_pcap.c:fd_short_rotate_left
FN:411,fuzz_pcap.c:fd_short_rotate_right
FN:412,fuzz_pcap.c:fd_short_zz_enc
FN:413,fuzz_pcap.c:fd_short_zz_dec
FN:403,fuzz_pcap.c:fd_int_if
FN:404,fuzz_pcap.c:fd_int_store_if
FN:405,fuzz_pcap.c:fd_int_abs
FN:406,fuzz_pcap.c:fd_int_min
FN:407,fuzz_pcap.c:fd_int_max
FN:408,fuzz_pcap.c:fd_int_shift_left
FN:409,fuzz_pcap.c:fd_int_shift_right
FN:410,fuzz_pcap.c:fd_int_rotate_left
FN:411,fuzz_pcap.c:fd_int_rotate_right
FN:412,fuzz_pcap.c:fd_int_zz_enc
FN:413,fuzz_pcap.c:fd_int_zz_dec
FN:403,fuzz_pcap.c:fd_long_if
FN:404,fuzz_pcap.c:fd_long_store_if
FN:405,fuzz_pcap.c:fd_long_abs
FN:406,fuzz_pcap.c:fd_long_min
FN:407,fuzz_pcap.c:fd_long_max
FN:408,fuzz_pcap.c:fd_long_shift_left
FN:409,fuzz_pcap.c:fd_long_shift_right
FN:410,fuzz_pcap.c:fd_long_rotate_left
FN:411,fuzz_pcap.c:fd_long_rotate_right
FN:412,fuzz_pcap.c:fd_long_zz_enc
FN:413,fuzz_pcap.c:fd_long_zz_dec
FN:403,fuzz_pcap.c:fd_int128_if
FN:404,fuzz_pcap.c:fd_int128_store_if
FN:405,fuzz_pcap.c:fd_int128_abs
FN:406,fuzz_pcap.c:fd_int128_min
FN:407,fuzz_pcap.c:fd_int128_max
FN:408,fuzz_pcap.c:fd_int128_shift_left
FN:409,fuzz_pcap.c:fd_int128_shift_right
FN:410,fuzz_pcap.c:fd_int128_rotate_left
FN:411,fuzz_pcap.c:fd_int128_rotate_right
FN:412,fuzz_pcap.c:fd_int128_zz_enc
FN:413,fuzz_pcap.c:fd_int128_zz_dec
FN:432,fuzz_pcap.c:fd_char_if
FN:434,fuzz_pcap.c:fd_char_store_if
FN:446,fuzz_pcap.c:fd_uint_hash
FN:456,fuzz_pcap.c:fd_ulong_hash
FN:476,fuzz_pcap.c:fd_uint_hash_inverse
FN:486,fuzz_pcap.c:fd_ulong_hash_inverse
FN:500,fuzz_pcap.c:fd_uchar_base10_dig_cnt
FN:500,fuzz_pcap.c:fd_ushort_base10_dig_cnt
FN:500,fuzz_pcap.c:fd_uint_base10_dig_cnt
FN:500,fuzz_pcap.c:fd_ulong_base10_dig_cnt
FN:526,fuzz_pcap.c:fd_float_if
FN:527,fuzz_pcap.c:fd_float_store_if
FN:528,fuzz_pcap.c:fd_float_abs
FN:531,fuzz_pcap.c:fd_float_eq
FN:542,fuzz_pcap.c:fd_double_if
FN:543,fuzz_pcap.c:fd_double_store_if
FN:544,fuzz_pcap.c:fd_double_abs
FN:547,fuzz_pcap.c:fd_double_eq
FN:732,fuzz_pcap.c:fd_uchar_load_1
FN:734,fuzz_pcap.c:fd_ushort_load_1
FN:735,fuzz_pcap.c:fd_ushort_load_2
FN:737,fuzz_pcap.c:fd_uint_load_1
FN:738,fuzz_pcap.c:fd_uint_load_2
FN:739,fuzz_pcap.c:fd_uint_load_3
FN:740,fuzz_pcap.c:fd_uint_load_4
FN:742,fuzz_pcap.c:fd_ulong_load_1
FN:743,fuzz_pcap.c:fd_ulong_load_2
FN:744,fuzz_pcap.c:fd_ulong_load_3
FN:745,fuzz_pcap.c:fd_ulong_load_4
FN:746,fuzz_pcap.c:fd_ulong_load_5
FN:747,fuzz_pcap.c:fd_ulong_load_6
FN:748,fuzz_pcap.c:fd_ulong_load_7
FN:749,fuzz_pcap.c:fd_ulong_load_8
FN:758,fuzz_pcap.c:fd_uint_load_3_fast
FN:763,fuzz_pcap.c:fd_ulong_load_3_fast
FN:765,fuzz_pcap.c:fd_ulong_load_5_fast
FN:766,fuzz_pcap.c:fd_ulong_load_6_fast
FN:767,fuzz_pcap.c:fd_ulong_load_7_fast
FN:781,fuzz_pcap.c:fd_ulong_svw_enc_sz
FN:799,fuzz_pcap.c:fd_ulong_svw_enc
FN:820,fuzz_pcap.c:fd_ulong_svw_enc_fixed
FN:836,fuzz_pcap.c:fd_ulong_svw_dec_sz
FN:859,fuzz_pcap.c:fd_ulong_svw_dec_tail_sz
FN:884,fuzz_pcap.c:fd_ulong_svw_dec_fixed
FN:903,fuzz_pcap.c:fd_ulong_svw_dec
FN:918,fuzz_pcap.c:fd_ulong_svw_dec_tail
FN:194,fd_pcap.c:fd_ulong_is_aligned
FN:199,fd_pcap.c:fd_ulong_if
FN:236,fd_pcap.c:fd_ushort_bswap
FN:173,fd_pcap.c:fd_uchar_is_pow2
FN:174,fd_pcap.c:fd_uchar_pow2
FN:175,fd_pcap.c:fd_uchar_mask_bit
FN:176,fd_pcap.c:fd_uchar_clear_bit
FN:177,fd_pcap.c:fd_uchar_set_bit
FN:178,fd_pcap.c:fd_uchar_flip_bit
FN:179,fd_pcap.c:fd_uchar_extract_bit
FN:180,fd_pcap.c:fd_uchar_insert_bit
FN:181,fd_pcap.c:fd_uchar_mask_lsb
FN:182,fd_pcap.c:fd_uchar_clear_lsb
FN:183,fd_pcap.c:fd_uchar_set_lsb
FN:184,fd_pcap.c:fd_uchar_flip_lsb
FN:185,fd_pcap.c:fd_uchar_extract_lsb
FN:186,fd_pcap.c:fd_uchar_insert_lsb
FN:187,fd_pcap.c:fd_uchar_mask
FN:188,fd_pcap.c:fd_uchar_clear
FN:189,fd_pcap.c:fd_uchar_set
FN:190,fd_pcap.c:fd_uchar_flip
FN:191,fd_pcap.c:fd_uchar_extract
FN:192,fd_pcap.c:fd_uchar_insert
FN:193,fd_pcap.c:fd_uchar_pop_lsb
FN:194,fd_pcap.c:fd_uchar_is_aligned
FN:195,fd_pcap.c:fd_uchar_alignment
FN:196,fd_pcap.c:fd_uchar_align_dn
FN:197,fd_pcap.c:fd_uchar_align_up
FN:198,fd_pcap.c:fd_uchar_blend
FN:199,fd_pcap.c:fd_uchar_if
FN:200,fd_pcap.c:fd_uchar_store_if
FN:201,fd_pcap.c:fd_uchar_abs
FN:202,fd_pcap.c:fd_uchar_min
FN:203,fd_pcap.c:fd_uchar_max
FN:204,fd_pcap.c:fd_uchar_shift_left
FN:205,fd_pcap.c:fd_uchar_shift_right
FN:206,fd_pcap.c:fd_uchar_rotate_left
FN:207,fd_pcap.c:fd_uchar_rotate_right
FN:173,fd_pcap.c:fd_ushort_is_pow2
FN:174,fd_pcap.c:fd_ushort_pow2
FN:175,fd_pcap.c:fd_ushort_mask_bit
FN:176,fd_pcap.c:fd_ushort_clear_bit
FN:177,fd_pcap.c:fd_ushort_set_bit
FN:178,fd_pcap.c:fd_ushort_flip_bit
FN:179,fd_pcap.c:fd_ushort_extract_bit
FN:180,fd_pcap.c:fd_ushort_insert_bit
FN:181,fd_pcap.c:fd_ushort_mask_lsb
FN:182,fd_pcap.c:fd_ushort_clear_lsb
FN:183,fd_pcap.c:fd_ushort_set_lsb
FN:184,fd_pcap.c:fd_ushort_flip_lsb
FN:185,fd_pcap.c:fd_ushort_extract_lsb
FN:186,fd_pcap.c:fd_ushort_insert_lsb
FN:187,fd_pcap.c:fd_ushort_mask
FN:188,fd_pcap.c:fd_ushort_clear
FN:189,fd_pcap.c:fd_ushort_set
FN:190,fd_pcap.c:fd_ushort_flip
FN:191,fd_pcap.c:fd_ushort_extract
FN:192,fd_pcap.c:fd_ushort_insert
FN:193,fd_pcap.c:fd_ushort_pop_lsb
FN:194,fd_pcap.c:fd_ushort_is_aligned
FN:195,fd_pcap.c:fd_ushort_alignment
FN:196,fd_pcap.c:fd_ushort_align_dn
FN:197,fd_pcap.c:fd_ushort_align_up
FN:198,fd_pcap.c:fd_ushort_blend
FN:199,fd_pcap.c:fd_ushort_if
FN:200,fd_pcap.c:fd_ushort_store_if
FN:201,fd_pcap.c:fd_ushort_abs
FN:202,fd_pcap.c:fd_ushort_min
FN:203,fd_pcap.c:fd_ushort_max
FN:204,fd_pcap.c:fd_ushort_shift_left
FN:205,fd_pcap.c:fd_ushort_shift_right
FN:206,fd_pcap.c:fd_ushort_rotate_left
FN:207,fd_pcap.c:fd_ushort_rotate_right
FN:173,fd_pcap.c:fd_uint_is_pow2
FN:174,fd_pcap.c:fd_uint_pow2
FN:175,fd_pcap.c:fd_uint_mask_bit
FN:176,fd_pcap.c:fd_uint_clear_bit
FN:177,fd_pcap.c:fd_uint_set_bit
FN:178,fd_pcap.c:fd_uint_flip_bit
FN:179,fd_pcap.c:fd_uint_extract_bit
FN:180,fd_pcap.c:fd_uint_insert_bit
FN:181,fd_pcap.c:fd_uint_mask_lsb
FN:182,fd_pcap.c:fd_uint_clear_lsb
FN:183,fd_pcap.c:fd_uint_set_lsb
FN:184,fd_pcap.c:fd_uint_flip_lsb
FN:185,fd_pcap.c:fd_uint_extract_lsb
FN:186,fd_pcap.c:fd_uint_insert_lsb
FN:187,fd_pcap.c:fd_uint_mask
FN:188,fd_pcap.c:fd_uint_clear
FN:189,fd_pcap.c:fd_uint_set
FN:190,fd_pcap.c:fd_uint_flip
FN:191,fd_pcap.c:fd_uint_extract
FN:192,fd_pcap.c:fd_uint_insert
FN:193,fd_pcap.c:fd_uint_pop_lsb
FN:194,fd_pcap.c:fd_uint_is_aligned
FN:195,fd_pcap.c:fd_uint_alignment
FN:196,fd_pcap.c:fd_uint_align_dn
FN:197,fd_pcap.c:fd_uint_align_up
FN:198,fd_pcap.c:fd_uint_blend
FN:199,fd_pcap.c:fd_uint_if
FN:200,fd_pcap.c:fd_uint_store_if
FN:201,fd_pcap.c:fd_uint_abs
FN:202,fd_pcap.c:fd_uint_min
FN:203,fd_pcap.c:fd_uint_max
FN:204,fd_pcap.c:fd_uint_shift_left
FN:205,fd_pcap.c:fd_uint_shift_right
FN:206,fd_pcap.c:fd_uint_rotate_left
FN:207,fd_pcap.c:fd_uint_rotate_right
FN:173,fd_pcap.c:fd_ulong_is_pow2
FN:174,fd_pcap.c:fd_ulong_pow2
FN:175,fd_pcap.c:fd_ulong_mask_bit
FN:176,fd_pcap.c:fd_ulong_clear_bit
FN:177,fd_pcap.c:fd_ulong_set_bit
FN:178,fd_pcap.c:fd_ulong_flip_bit
FN:179,fd_pcap.c:fd_ulong_extract_bit
FN:180,fd_pcap.c:fd_ulong_insert_bit
FN:181,fd_pcap.c:fd_ulong_mask_lsb
FN:182,fd_pcap.c:fd_ulong_clear_lsb
FN:183,fd_pcap.c:fd_ulong_set_lsb
FN:184,fd_pcap.c:fd_ulong_flip_lsb
FN:185,fd_pcap.c:fd_ulong_extract_lsb
FN:186,fd_pcap.c:fd_ulong_insert_lsb
FN:187,fd_pcap.c:fd_ulong_mask
FN:188,fd_pcap.c:fd_ulong_clear
FN:189,fd_pcap.c:fd_ulong_set
FN:190,fd_pcap.c:fd_ulong_flip
FN:191,fd_pcap.c:fd_ulong_extract
FN:192,fd_pcap.c:fd_ulong_insert
FN:193,fd_pcap.c:fd_ulong_pop_lsb
FN:195,fd_pcap.c:fd_ulong_alignment
FN:196,fd_pcap.c:fd_ulong_align_dn
FN:197,fd_pcap.c:fd_ulong_align_up
FN:198,fd_pcap.c:fd_ulong_blend
FN:200,fd_pcap.c:fd_ulong_store_if
FN:201,fd_pcap.c:fd_ulong_abs
FN:202,fd_pcap.c:fd_ulong_min
FN:203,fd_pcap.c:fd_ulong_max
FN:204,fd_pcap.c:fd_ulong_shift_left
FN:205,fd_pcap.c:fd_ulong_shift_right
FN:206,fd_pcap.c:fd_ulong_rotate_left
FN:207,fd_pcap.c:fd_ulong_rotate_right
FN:173,fd_pcap.c:fd_uint128_is_pow2
FN:174,fd_pcap.c:fd_uint128_pow2
FN:175,fd_pcap.c:fd_uint128_mask_bit
FN:176,fd_pcap.c:fd_uint128_clear_bit
FN:177,fd_pcap.c:fd_uint128_set_bit
FN:178,fd_pcap.c:fd_uint128_flip_bit
FN:179,fd_pcap.c:fd_uint128_extract_bit
FN:180,fd_pcap.c:fd_uint128_insert_bit
FN:181,fd_pcap.c:fd_uint128_mask_lsb
FN:182,fd_pcap.c:fd_uint128_clear_lsb
FN:183,fd_pcap.c:fd_uint128_set_lsb
FN:184,fd_pcap.c:fd_uint128_flip_lsb
FN:185,fd_pcap.c:fd_uint128_extract_lsb
FN:186,fd_pcap.c:fd_uint128_insert_lsb
FN:187,fd_pcap.c:fd_uint128_mask
FN:188,fd_pcap.c:fd_uint128_clear
FN:189,fd_pcap.c:fd_uint128_set
FN:190,fd_pcap.c:fd_uint128_flip
FN:191,fd_pcap.c:fd_uint128_extract
FN:192,fd_pcap.c:fd_uint128_insert
FN:193,fd_pcap.c:fd_uint128_pop_lsb
FN:194,fd_pcap.c:fd_uint128_is_aligned
FN:195,fd_pcap.c:fd_uint128_alignment
FN:196,fd_pcap.c:fd_uint128_align_dn
FN:197,fd_pcap.c:fd_uint128_align_up
FN:198,fd_pcap.c:fd_uint128_blend
FN:199,fd_pcap.c:fd_uint128_if
FN:200,fd_pcap.c:fd_uint128_store_if
FN:201,fd_pcap.c:fd_uint128_abs
FN:202,fd_pcap.c:fd_uint128_min
FN:203,fd_pcap.c:fd_uint128_max
FN:204,fd_pcap.c:fd_uint128_shift_left
FN:205,fd_pcap.c:fd_uint128_shift_right
FN:206,fd_pcap.c:fd_uint128_rotate_left
FN:207,fd_pcap.c:fd_uint128_rotate_right
FN:220,fd_pcap.c:fd_uchar_popcnt
FN:221,fd_pcap.c:fd_ushort_popcnt
FN:222,fd_pcap.c:fd_uint_popcnt
FN:223,fd_pcap.c:fd_ulong_popcnt
FN:227,fd_pcap.c:fd_uint128_popcnt
FN:235,fd_pcap.c:fd_uchar_bswap
FN:237,fd_pcap.c:fd_uint_bswap
FN:238,fd_pcap.c:fd_ulong_bswap
FN:242,fd_pcap.c:fd_uint128_bswap
FN:254,fd_pcap.c:fd_uchar_pow2_up
FN:265,fd_pcap.c:fd_uchar_pow2_dn
FN:276,fd_pcap.c:fd_ushort_pow2_up
FN:288,fd_pcap.c:fd_ushort_pow2_dn
FN:300,fd_pcap.c:fd_uint_pow2_up
FN:312,fd_pcap.c:fd_uint_pow2_dn
FN:324,fd_pcap.c:fd_ulong_pow2_up
FN:337,fd_pcap.c:fd_ulong_pow2_dn
FN:351,fd_pcap.c:fd_uint128_pow2_up
FN:365,fd_pcap.c:fd_uint128_pow2_dn
FN:403,fd_pcap.c:fd_schar_if
FN:404,fd_pcap.c:fd_schar_store_if
FN:405,fd_pcap.c:fd_schar_abs
FN:406,fd_pcap.c:fd_schar_min
FN:407,fd_pcap.c:fd_schar_max
FN:408,fd_pcap.c:fd_schar_shift_left
FN:409,fd_pcap.c:fd_schar_shift_right
FN:410,fd_pcap.c:fd_schar_rotate_left
FN:411,fd_pcap.c:fd_schar_rotate_right
FN:412,fd_pcap.c:fd_schar_zz_enc
FN:413,fd_pcap.c:fd_schar_zz_dec
FN:403,fd_pcap.c:fd_short_if
FN:404,fd_pcap.c:fd_short_store_if
FN:405,fd_pcap.c:fd_short_abs
FN:406,fd_pcap.c:fd_short_min
FN:407,fd_pcap.c:fd_short_max
FN:408,fd_pcap.c:fd_short_shift_left
FN:409,fd_pcap.c:fd_short_shift_right
FN:410,fd_pcap.c:fd_short_rotate_left
FN:411,fd_pcap.c:fd_short_rotate_right
FN:412,fd_pcap.c:fd_short_zz_enc
FN:413,fd_pcap.c:fd_short_zz_dec
FN:403,fd_pcap.c:fd_int_if
FN:404,fd_pcap.c:fd_int_store_if
FN:405,fd_pcap.c:fd_int_abs
FN:406,fd_pcap.c:fd_int_min
FN:407,fd_pcap.c:fd_int_max
FN:408,fd_pcap.c:fd_int_shift_left
FN:409,fd_pcap.c:fd_int_shift_right
FN:410,fd_pcap.c:fd_int_rotate_left
FN:411,fd_pcap.c:fd_int_rotate_right
FN:412,fd_pcap.c:fd_int_zz_enc
FN:413,fd_pcap.c:fd_int_zz_dec
FN:403,fd_pcap.c:fd_long_if
FN:404,fd_pcap.c:fd_long_store_if
FN:405,fd_pcap.c:fd_long_abs
FN:406,fd_pcap.c:fd_long_min
FN:407,fd_pcap.c:fd_long_max
FN:408,fd_pcap.c:fd_long_shift_left
FN:409,fd_pcap.c:fd_long_shift_right
FN:410,fd_pcap.c:fd_long_rotate_left
FN:411,fd_pcap.c:fd_long_rotate_right
FN:412,fd_pcap.c:fd_long_zz_enc
FN:413,fd_pcap.c:fd_long_zz_dec
FN:403,fd_pcap.c:fd_int128_if
FN:404,fd_pcap.c:fd_int128_store_if
FN:405,fd_pcap.c:fd_int128_abs
FN:406,fd_pcap.c:fd_int128_min
FN:407,fd_pcap.c:fd_int128_max
FN:408,fd_pcap.c:fd_int128_shift_left
FN:409,fd_pcap.c:fd_int128_shift_right
FN:410,fd_pcap.c:fd_int128_rotate_left
FN:411,fd_pcap.c:fd_int128_rotate_right
FN:412,fd_pcap.c:fd_int128_zz_enc
FN:413,fd_pcap.c:fd_int128_zz_dec
FN:432,fd_pcap.c:fd_char_if
FN:434,fd_pcap.c:fd_char_store_if
FN:446,fd_pcap.c:fd_uint_hash
FN:456,fd_pcap.c:fd_ulong_hash
FN:476,fd_pcap.c:fd_uint_hash_inverse
FN:486,fd_pcap.c:fd_ulong_hash_inverse
FN:500,fd_pcap.c:fd_uchar_base10_dig_cnt
FN:500,fd_pcap.c:fd_ushort_base10_dig_cnt
FN:500,fd_pcap.c:fd_uint_base10_dig_cnt
FN:500,fd_pcap.c:fd_ulong_base10_dig_cnt
FN:526,fd_pcap.c:fd_float_if
FN:527,fd_pcap.c:fd_float_store_if
FN:528,fd_pcap.c:fd_float_abs
FN:531,fd_pcap.c:fd_float_eq
FN:542,fd_pcap.c:fd_double_if
FN:543,fd_pcap.c:fd_double_store_if
FN:544,fd_pcap.c:fd_double_abs
FN:547,fd_pcap.c:fd_double_eq
FN:732,fd_pcap.c:fd_uchar_load_1
FN:734,fd_pcap.c:fd_ushort_load_1
FN:735,fd_pcap.c:fd_ushort_load_2
FN:737,fd_pcap.c:fd_uint_load_1
FN:738,fd_pcap.c:fd_uint_load_2
FN:739,fd_pcap.c:fd_uint_load_3
FN:740,fd_pcap.c:fd_uint_load_4
FN:742,fd_pcap.c:fd_ulong_load_1
FN:743,fd_pcap.c:fd_ulong_load_2
FN:744,fd_pcap.c:fd_ulong_load_3
FN:745,fd_pcap.c:fd_ulong_load_4
FN:746,fd_pcap.c:fd_ulong_load_5
FN:747,fd_pcap.c:fd_ulong_load_6
FN:748,fd_pcap.c:fd_ulong_load_7
FN:749,fd_pcap.c:fd_ulong_load_8
FN:758,fd_pcap.c:fd_uint_load_3_fast
FN:763,fd_pcap.c:fd_ulong_load_3_fast
FN:765,fd_pcap.c:fd_ulong_load_5_fast
FN:766,fd_pcap.c:fd_ulong_load_6_fast
FN:767,fd_pcap.c:fd_ulong_load_7_fast
FN:781,fd_pcap.c:fd_ulong_svw_enc_sz
FN:799,fd_pcap.c:fd_ulong_svw_enc
FN:820,fd_pcap.c:fd_ulong_svw_enc_fixed
FN:836,fd_pcap.c:fd_ulong_svw_dec_sz
FN:859,fd_pcap.c:fd_ulong_svw_dec_tail_sz
FN:884,fd_pcap.c:fd_ulong_svw_dec_fixed
FN:903,fd_pcap.c:fd_ulong_svw_dec
FN:918,fd_pcap.c:fd_ulong_svw_dec_tail
FN:432,fd_log.c:fd_char_if
FN:405,fd_log.c:fd_long_abs
FN:405,fd_log.c:fd_int_abs
FN:406,fd_log.c:fd_long_min
FN:202,fd_log.c:fd_ulong_min
FN:456,fd_log.c:fd_ulong_hash
FN:199,fd_log.c:fd_ulong_if
FN:173,fd_log.c:fd_uchar_is_pow2
FN:174,fd_log.c:fd_uchar_pow2
FN:175,fd_log.c:fd_uchar_mask_bit
FN:176,fd_log.c:fd_uchar_clear_bit
FN:177,fd_log.c:fd_uchar_set_bit
FN:178,fd_log.c:fd_uchar_flip_bit
FN:179,fd_log.c:fd_uchar_extract_bit
FN:180,fd_log.c:fd_uchar_insert_bit
FN:181,fd_log.c:fd_uchar_mask_lsb
FN:182,fd_log.c:fd_uchar_clear_lsb
FN:183,fd_log.c:fd_uchar_set_lsb
FN:184,fd_log.c:fd_uchar_flip_lsb
FN:185,fd_log.c:fd_uchar_extract_lsb
FN:186,fd_log.c:fd_uchar_insert_lsb
FN:187,fd_log.c:fd_uchar_mask
FN:188,fd_log.c:fd_uchar_clear
FN:189,fd_log.c:fd_uchar_set
FN:190,fd_log.c:fd_uchar_flip
FN:191,fd_log.c:fd_uchar_extract
FN:192,fd_log.c:fd_uchar_insert
FN:193,fd_log.c:fd_uchar_pop_lsb
FN:194,fd_log.c:fd_uchar_is_aligned
FN:195,fd_log.c:fd_uchar_alignment
FN:196,fd_log.c:fd_uchar_align_dn
FN:197,fd_log.c:fd_uchar_align_up
FN:198,fd_log.c:fd_uchar_blend
FN:199,fd_log.c:fd_uchar_if
FN:200,fd_log.c:fd_uchar_store_if
FN:201,fd_log.c:fd_uchar_abs
FN:202,fd_log.c:fd_uchar_min
FN:203,fd_log.c:fd_uchar_max
FN:204,fd_log.c:fd_uchar_shift_left
FN:205,fd_log.c:fd_uchar_shift_right
FN:206,fd_log.c:fd_uchar_rotate_left
FN:207,fd_log.c:fd_uchar_rotate_right
FN:173,fd_log.c:fd_ushort_is_pow2
FN:174,fd_log.c:fd_ushort_pow2
FN:175,fd_log.c:fd_ushort_mask_bit
FN:176,fd_log.c:fd_ushort_clear_bit
FN:177,fd_log.c:fd_ushort_set_bit
FN:178,fd_log.c:fd_ushort_flip_bit
FN:179,fd_log.c:fd_ushort_extract_bit
FN:180,fd_log.c:fd_ushort_insert_bit
FN:181,fd_log.c:fd_ushort_mask_lsb
FN:182,fd_log.c:fd_ushort_clear_lsb
FN:183,fd_log.c:fd_ushort_set_lsb
FN:184,fd_log.c:fd_ushort_flip_lsb
FN:185,fd_log.c:fd_ushort_extract_lsb
FN:186,fd_log.c:fd_ushort_insert_lsb
FN:187,fd_log.c:fd_ushort_mask
FN:188,fd_log.c:fd_ushort_clear
FN:189,fd_log.c:fd_ushort_set
FN:190,fd_log.c:fd_ushort_flip
FN:191,fd_log.c:fd_ushort_extract
FN:192,fd_log.c:fd_ushort_insert
FN:193,fd_log.c:fd_ushort_pop_lsb
FN:194,fd_log.c:fd_ushort_is_aligned
FN:195,fd_log.c:fd_ushort_alignment
FN:196,fd_log.c:fd_ushort_align_dn
FN:197,fd_log.c:fd_ushort_align_up
FN:198,fd_log.c:fd_ushort_blend
FN:199,fd_log.c:fd_ushort_if
FN:200,fd_log.c:fd_ushort_store_if
FN:201,fd_log.c:fd_ushort_abs
FN:202,fd_log.c:fd_ushort_min
FN:203,fd_log.c:fd_ushort_max
FN:204,fd_log.c:fd_ushort_shift_left
FN:205,fd_log.c:fd_ushort_shift_right
FN:206,fd_log.c:fd_ushort_rotate_left
FN:207,fd_log.c:fd_ushort_rotate_right
FN:173,fd_log.c:fd_uint_is_pow2
FN:174,fd_log.c:fd_uint_pow2
FN:175,fd_log.c:fd_uint_mask_bit
FN:176,fd_log.c:fd_uint_clear_bit
FN:177,fd_log.c:fd_uint_set_bit
FN:178,fd_log.c:fd_uint_flip_bit
FN:179,fd_log.c:fd_uint_extract_bit
FN:180,fd_log.c:fd_uint_insert_bit
FN:181,fd_log.c:fd_uint_mask_lsb
FN:182,fd_log.c:fd_uint_clear_lsb
FN:183,fd_log.c:fd_uint_set_lsb
FN:184,fd_log.c:fd_uint_flip_lsb
FN:185,fd_log.c:fd_uint_extract_lsb
FN:186,fd_log.c:fd_uint_insert_lsb
FN:187,fd_log.c:fd_uint_mask
FN:188,fd_log.c:fd_uint_clear
FN:189,fd_log.c:fd_uint_set
FN:190,fd_log.c:fd_uint_flip
FN:191,fd_log.c:fd_uint_extract
FN:192,fd_log.c:fd_uint_insert
FN:193,fd_log.c:fd_uint_pop_lsb
FN:194,fd_log.c:fd_uint_is_aligned
FN:195,fd_log.c:fd_uint_alignment
FN:196,fd_log.c:fd_uint_align_dn
FN:197,fd_log.c:fd_uint_align_up
FN:198,fd_log.c:fd_uint_blend
FN:199,fd_log.c:fd_uint_if
FN:200,fd_log.c:fd_uint_store_if
FN:201,fd_log.c:fd_uint_abs
FN:202,fd_log.c:fd_uint_min
FN:203,fd_log.c:fd_uint_max
FN:204,fd_log.c:fd_uint_shift_left
FN:205,fd_log.c:fd_uint_shift_right
FN:206,fd_log.c:fd_uint_rotate_left
FN:207,fd_log.c:fd_uint_rotate_right
FN:173,fd_log.c:fd_ulong_is_pow2
FN:174,fd_log.c:fd_ulong_pow2
FN:175,fd_log.c:fd_ulong_mask_bit
FN:176,fd_log.c:fd_ulong_clear_bit
FN:177,fd_log.c:fd_ulong_set_bit
FN:178,fd_log.c:fd_ulong_flip_bit
FN:179,fd_log.c:fd_ulong_extract_bit
FN:180,fd_log.c:fd_ulong_insert_bit
FN:181,fd_log.c:fd_ulong_mask_lsb
FN:182,fd_log.c:fd_ulong_clear_lsb
FN:183,fd_log.c:fd_ulong_set_lsb
FN:184,fd_log.c:fd_ulong_flip_lsb
FN:185,fd_log.c:fd_ulong_extract_lsb
FN:186,fd_log.c:fd_ulong_insert_lsb
FN:187,fd_log.c:fd_ulong_mask
FN:188,fd_log.c:fd_ulong_clear
FN:189,fd_log.c:fd_ulong_set
FN:190,fd_log.c:fd_ulong_flip
FN:191,fd_log.c:fd_ulong_extract
FN:192,fd_log.c:fd_ulong_insert
FN:193,fd_log.c:fd_ulong_pop_lsb
FN:194,fd_log.c:fd_ulong_is_aligned
FN:195,fd_log.c:fd_ulong_alignment
FN:196,fd_log.c:fd_ulong_align_dn
FN:197,fd_log.c:fd_ulong_align_up
FN:198,fd_log.c:fd_ulong_blend
FN:200,fd_log.c:fd_ulong_store_if
FN:201,fd_log.c:fd_ulong_abs
FN:203,fd_log.c:fd_ulong_max
FN:204,fd_log.c:fd_ulong_shift_left
FN:205,fd_log.c:fd_ulong_shift_right
FN:206,fd_log.c:fd_ulong_rotate_left
FN:207,fd_log.c:fd_ulong_rotate_right
FN:173,fd_log.c:fd_uint128_is_pow2
FN:174,fd_log.c:fd_uint128_pow2
FN:175,fd_log.c:fd_uint128_mask_bit
FN:176,fd_log.c:fd_uint128_clear_bit
FN:177,fd_log.c:fd_uint128_set_bit
FN:178,fd_log.c:fd_uint128_flip_bit
FN:179,fd_log.c:fd_uint128_extract_bit
FN:180,fd_log.c:fd_uint128_insert_bit
FN:181,fd_log.c:fd_uint128_mask_lsb
FN:182,fd_log.c:fd_uint128_clear_lsb
FN:183,fd_log.c:fd_uint128_set_lsb
FN:184,fd_log.c:fd_uint128_flip_lsb
FN:185,fd_log.c:fd_uint128_extract_lsb
FN:186,fd_log.c:fd_uint128_insert_lsb
FN:187,fd_log.c:fd_uint128_mask
FN:188,fd_log.c:fd_uint128_clear
FN:189,fd_log.c:fd_uint128_set
FN:190,fd_log.c:fd_uint128_flip
FN:191,fd_log.c:fd_uint128_extract
FN:192,fd_log.c:fd_uint128_insert
FN:193,fd_log.c:fd_uint128_pop_lsb
FN:194,fd_log.c:fd_uint128_is_aligned
FN:195,fd_log.c:fd_uint128_alignment
FN:196,fd_log.c:fd_uint128_align_dn
FN:197,fd_log.c:fd_uint128_align_up
FN:198,fd_log.c:fd_uint128_blend
FN:199,fd_log.c:fd_uint128_if
FN:200,fd_log.c:fd_uint128_store_if
FN:201,fd_log.c:fd_uint128_abs
FN:202,fd_log.c:fd_uint128_min
FN:203,fd_log.c:fd_uint128_max
FN:204,fd_log.c:fd_uint128_shift_left
FN:205,fd_log.c:fd_uint128_shift_right
FN:206,fd_log.c:fd_uint128_rotate_left
FN:207,fd_log.c:fd_uint128_rotate_right
FN:220,fd_log.c:fd_uchar_popcnt
FN:221,fd_log.c:fd_ushort_popcnt
FN:222,fd_log.c:fd_uint_popcnt
FN:223,fd_log.c:fd_ulong_popcnt
FN:227,fd_log.c:fd_uint128_popcnt
FN:235,fd_log.c:fd_uchar_bswap
FN:236,fd_log.c:fd_ushort_bswap
FN:237,fd_log.c:fd_uint_bswap
FN:238,fd_log.c:fd_ulong_bswap
FN:242,fd_log.c:fd_uint128_bswap
FN:254,fd_log.c:fd_uchar_pow2_up
FN:265,fd_log.c:fd_uchar_pow2_dn
FN:276,fd_log.c:fd_ushort_pow2_up
FN:288,fd_log.c:fd_ushort_pow2_dn
FN:300,fd_log.c:fd_uint_pow2_up
FN:312,fd_log.c:fd_uint_pow2_dn
FN:324,fd_log.c:fd_ulong_pow2_up
FN:337,fd_log.c:fd_ulong_pow2_dn
FN:351,fd_log.c:fd_uint128_pow2_up
FN:365,fd_log.c:fd_uint128_pow2_dn
FN:403,fd_log.c:fd_schar_if
FN:404,fd_log.c:fd_schar_store_if
FN:405,fd_log.c:fd_schar_abs
FN:406,fd_log.c:fd_schar_min
FN:407,fd_log.c:fd_schar_max
FN:408,fd_log.c:fd_schar_shift_left
FN:409,fd_log.c:fd_schar_shift_right
FN:410,fd_log.c:fd_schar_rotate_left
FN:411,fd_log.c:fd_schar_rotate_right
FN:412,fd_log.c:fd_schar_zz_enc
FN:413,fd_log.c:fd_schar_zz_dec
FN:403,fd_log.c:fd_short_if
FN:404,fd_log.c:fd_short_store_if
FN:405,fd_log.c:fd_short_abs
FN:406,fd_log.c:fd_short_min
FN:407,fd_log.c:fd_short_max
FN:408,fd_log.c:fd_short_shift_left
FN:409,fd_log.c:fd_short_shift_right
FN:410,fd_log.c:fd_short_rotate_left
FN:411,fd_log.c:fd_short_rotate_right
FN:412,fd_log.c:fd_short_zz_enc
FN:413,fd_log.c:fd_short_zz_dec
FN:403,fd_log.c:fd_int_if
FN:404,fd_log.c:fd_int_store_if
FN:406,fd_log.c:fd_int_min
FN:407,fd_log.c:fd_int_max
FN:408,fd_log.c:fd_int_shift_left
FN:409,fd_log.c:fd_int_shift_right
FN:410,fd_log.c:fd_int_rotate_left
FN:411,fd_log.c:fd_int_rotate_right
FN:412,fd_log.c:fd_int_zz_enc
FN:413,fd_log.c:fd_int_zz_dec
FN:403,fd_log.c:fd_long_if
FN:404,fd_log.c:fd_long_store_if
FN:407,fd_log.c:fd_long_max
FN:408,fd_log.c:fd_long_shift_left
FN:409,fd_log.c:fd_long_shift_right
FN:410,fd_log.c:fd_long_rotate_left
FN:411,fd_log.c:fd_long_rotate_right
FN:412,fd_log.c:fd_long_zz_enc
FN:413,fd_log.c:fd_long_zz_dec
FN:403,fd_log.c:fd_int128_if
FN:404,fd_log.c:fd_int128_store_if
FN:405,fd_log.c:fd_int128_abs
FN:406,fd_log.c:fd_int128_min
FN:407,fd_log.c:fd_int128_max
FN:408,fd_log.c:fd_int128_shift_left
FN:409,fd_log.c:fd_int128_shift_right
FN:410,fd_log.c:fd_int128_rotate_left
FN:411,fd_log.c:fd_int128_rotate_right
FN:412,fd_log.c:fd_int128_zz_enc
FN:413,fd_log.c:fd_int128_zz_dec
FN:434,fd_log.c:fd_char_store_if
FN:446,fd_log.c:fd_uint_hash
FN:476,fd_log.c:fd_uint_hash_inverse
FN:486,fd_log.c:fd_ulong_hash_inverse
FN:500,fd_log.c:fd_uchar_base10_dig_cnt
FN:500,fd_log.c:fd_ushort_base10_dig_cnt
FN:500,fd_log.c:fd_uint_base10_dig_cnt
FN:500,fd_log.c:fd_ulong_base10_dig_cnt
FN:526,fd_log.c:fd_float_if
FN:527,fd_log.c:fd_float_store_if
FN:528,fd_log.c:fd_float_abs
FN:531,fd_log.c:fd_float_eq
FN:542,fd_log.c:fd_double_if
FN:543,fd_log.c:fd_double_store_if
FN:544,fd_log.c:fd_double_abs
FN:547,fd_log.c:fd_double_eq
FN:732,fd_log.c:fd_uchar_load_1
FN:734,fd_log.c:fd_ushort_load_1
FN:735,fd_log.c:fd_ushort_load_2
FN:737,fd_log.c:fd_uint_load_1
FN:738,fd_log.c:fd_uint_load_2
FN:739,fd_log.c:fd_uint_load_3
FN:740,fd_log.c:fd_uint_load_4
FN:742,fd_log.c:fd_ulong_load_1
FN:743,fd_log.c:fd_ulong_load_2
FN:744,fd_log.c:fd_ulong_load_3
FN:745,fd_log.c:fd_ulong_load_4
FN:746,fd_log.c:fd_ulong_load_5
FN:747,fd_log.c:fd_ulong_load_6
FN:748,fd_log.c:fd_ulong_load_7
FN:749,fd_log.c:fd_ulong_load_8
FN:758,fd_log.c:fd_uint_load_3_fast
FN:763,fd_log.c:fd_ulong_load_3_fast
FN:765,fd_log.c:fd_ulong_load_5_fast
FN:766,fd_log.c:fd_ulong_load_6_fast
FN:767,fd_log.c:fd_ulong_load_7_fast
FN:781,fd_log.c:fd_ulong_svw_enc_sz
FN:799,fd_log.c:fd_ulong_svw_enc
FN:820,fd_log.c:fd_ulong_svw_enc_fixed
FN:836,fd_log.c:fd_ulong_svw_dec_sz
FN:859,fd_log.c:fd_ulong_svw_dec_tail_sz
FN:884,fd_log.c:fd_ulong_svw_dec_fixed
FN:903,fd_log.c:fd_ulong_svw_dec
FN:918,fd_log.c:fd_ulong_svw_dec_tail
FN:173,fd_util.c:fd_uchar_is_pow2
FN:174,fd_util.c:fd_uchar_pow2
FN:175,fd_util.c:fd_uchar_mask_bit
FN:176,fd_util.c:fd_uchar_clear_bit
FN:177,fd_util.c:fd_uchar_set_bit
FN:178,fd_util.c:fd_uchar_flip_bit
FN:179,fd_util.c:fd_uchar_extract_bit
FN:180,fd_util.c:fd_uchar_insert_bit
FN:181,fd_util.c:fd_uchar_mask_lsb
FN:182,fd_util.c:fd_uchar_clear_lsb
FN:183,fd_util.c:fd_uchar_set_lsb
FN:184,fd_util.c:fd_uchar_flip_lsb
FN:185,fd_util.c:fd_uchar_extract_lsb
FN:186,fd_util.c:fd_uchar_insert_lsb
FN:187,fd_util.c:fd_uchar_mask
FN:188,fd_util.c:fd_uchar_clear
FN:189,fd_util.c:fd_uchar_set
FN:190,fd_util.c:fd_uchar_flip
FN:191,fd_util.c:fd_uchar_extract
FN:192,fd_util.c:fd_uchar_insert
FN:193,fd_util.c:fd_uchar_pop_lsb
FN:194,fd_util.c:fd_uchar_is_aligned
FN:195,fd_util.c:fd_uchar_alignment
FN:196,fd_util.c:fd_uchar_align_dn
FN:197,fd_util.c:fd_uchar_align_up
FN:198,fd_util.c:fd_uchar_blend
FN:199,fd_util.c:fd_uchar_if
FN:200,fd_util.c:fd_uchar_store_if
FN:201,fd_util.c:fd_uchar_abs
FN:202,fd_util.c:fd_uchar_min
FN:203,fd_util.c:fd_uchar_max
FN:204,fd_util.c:fd_uchar_shift_left
FN:205,fd_util.c:fd_uchar_shift_right
FN:206,fd_util.c:fd_uchar_rotate_left
FN:207,fd_util.c:fd_uchar_rotate_right
FN:173,fd_util.c:fd_ushort_is_pow2
FN:174,fd_util.c:fd_ushort_pow2
FN:175,fd_util.c:fd_ushort_mask_bit
FN:176,fd_util.c:fd_ushort_clear_bit
FN:177,fd_util.c:fd_ushort_set_bit
FN:178,fd_util.c:fd_ushort_flip_bit
FN:179,fd_util.c:fd_ushort_extract_bit
FN:180,fd_util.c:fd_ushort_insert_bit
FN:181,fd_util.c:fd_ushort_mask_lsb
FN:182,fd_util.c:fd_ushort_clear_lsb
FN:183,fd_util.c:fd_ushort_set_lsb
FN:184,fd_util.c:fd_ushort_flip_lsb
FN:185,fd_util.c:fd_ushort_extract_lsb
FN:186,fd_util.c:fd_ushort_insert_lsb
FN:187,fd_util.c:fd_ushort_mask
FN:188,fd_util.c:fd_ushort_clear
FN:189,fd_util.c:fd_ushort_set
FN:190,fd_util.c:fd_ushort_flip
FN:191,fd_util.c:fd_ushort_extract
FN:192,fd_util.c:fd_ushort_insert
FN:193,fd_util.c:fd_ushort_pop_lsb
FN:194,fd_util.c:fd_ushort_is_aligned
FN:195,fd_util.c:fd_ushort_alignment
FN:196,fd_util.c:fd_ushort_align_dn
FN:197,fd_util.c:fd_ushort_align_up
FN:198,fd_util.c:fd_ushort_blend
FN:199,fd_util.c:fd_ushort_if
FN:200,fd_util.c:fd_ushort_store_if
FN:201,fd_util.c:fd_ushort_abs
FN:202,fd_util.c:fd_ushort_min
FN:203,fd_util.c:fd_ushort_max
FN:204,fd_util.c:fd_ushort_shift_left
FN:205,fd_util.c:fd_ushort_shift_right
FN:206,fd_util.c:fd_ushort_rotate_left
FN:207,fd_util.c:fd_ushort_rotate_right
FN:173,fd_util.c:fd_uint_is_pow2
FN:174,fd_util.c:fd_uint_pow2
FN:175,fd_util.c:fd_uint_mask_bit
FN:176,fd_util.c:fd_uint_clear_bit
FN:177,fd_util.c:fd_uint_set_bit
FN:178,fd_util.c:fd_uint_flip_bit
FN:179,fd_util.c:fd_uint_extract_bit
FN:180,fd_util.c:fd_uint_insert_bit
FN:181,fd_util.c:fd_uint_mask_lsb
FN:182,fd_util.c:fd_uint_clear_lsb
FN:183,fd_util.c:fd_uint_set_lsb
FN:184,fd_util.c:fd_uint_flip_lsb
FN:185,fd_util.c:fd_uint_extract_lsb
FN:186,fd_util.c:fd_uint_insert_lsb
FN:187,fd_util.c:fd_uint_mask
FN:188,fd_util.c:fd_uint_clear
FN:189,fd_util.c:fd_uint_set
FN:190,fd_util.c:fd_uint_flip
FN:191,fd_util.c:fd_uint_extract
FN:192,fd_util.c:fd_uint_insert
FN:193,fd_util.c:fd_uint_pop_lsb
FN:194,fd_util.c:fd_uint_is_aligned
FN:195,fd_util.c:fd_uint_alignment
FN:196,fd_util.c:fd_uint_align_dn
FN:197,fd_util.c:fd_uint_align_up
FN:198,fd_util.c:fd_uint_blend
FN:199,fd_util.c:fd_uint_if
FN:200,fd_util.c:fd_uint_store_if
FN:201,fd_util.c:fd_uint_abs
FN:202,fd_util.c:fd_uint_min
FN:203,fd_util.c:fd_uint_max
FN:204,fd_util.c:fd_uint_shift_left
FN:205,fd_util.c:fd_uint_shift_right
FN:206,fd_util.c:fd_uint_rotate_left
FN:207,fd_util.c:fd_uint_rotate_right
FN:173,fd_util.c:fd_ulong_is_pow2
FN:174,fd_util.c:fd_ulong_pow2
FN:175,fd_util.c:fd_ulong_mask_bit
FN:176,fd_util.c:fd_ulong_clear_bit
FN:177,fd_util.c:fd_ulong_set_bit
FN:178,fd_util.c:fd_ulong_flip_bit
FN:179,fd_util.c:fd_ulong_extract_bit
FN:180,fd_util.c:fd_ulong_insert_bit
FN:181,fd_util.c:fd_ulong_mask_lsb
FN:182,fd_util.c:fd_ulong_clear_lsb
FN:183,fd_util.c:fd_ulong_set_lsb
FN:184,fd_util.c:fd_ulong_flip_lsb
FN:185,fd_util.c:fd_ulong_extract_lsb
FN:186,fd_util.c:fd_ulong_insert_lsb
FN:187,fd_util.c:fd_ulong_mask
FN:188,fd_util.c:fd_ulong_clear
FN:189,fd_util.c:fd_ulong_set
FN:190,fd_util.c:fd_ulong_flip
FN:191,fd_util.c:fd_ulong_extract
FN:192,fd_util.c:fd_ulong_insert
FN:193,fd_util.c:fd_ulong_pop_lsb
FN:194,fd_util.c:fd_ulong_is_aligned
FN:195,fd_util.c:fd_ulong_alignment
FN:196,fd_util.c:fd_ulong_align_dn
FN:197,fd_util.c:fd_ulong_align_up
FN:198,fd_util.c:fd_ulong_blend
FN:199,fd_util.c:fd_ulong_if
FN:200,fd_util.c:fd_ulong_store_if
FN:201,fd_util.c:fd_ulong_abs
FN:202,fd_util.c:fd_ulong_min
FN:203,fd_util.c:fd_ulong_max
FN:204,fd_util.c:fd_ulong_shift_left
FN:205,fd_util.c:fd_ulong_shift_right
FN:206,fd_util.c:fd_ulong_rotate_left
FN:207,fd_util.c:fd_ulong_rotate_right
FN:173,fd_util.c:fd_uint128_is_pow2
FN:174,fd_util.c:fd_uint128_pow2
FN:175,fd_util.c:fd_uint128_mask_bit
FN:176,fd_util.c:fd_uint128_clear_bit
FN:177,fd_util.c:fd_uint128_set_bit
FN:178,fd_util.c:fd_uint128_flip_bit
FN:179,fd_util.c:fd_uint128_extract_bit
FN:180,fd_util.c:fd_uint128_insert_bit
FN:181,fd_util.c:fd_uint128_mask_lsb
FN:182,fd_util.c:fd_uint128_clear_lsb
FN:183,fd_util.c:fd_uint128_set_lsb
FN:184,fd_util.c:fd_uint128_flip_lsb
FN:185,fd_util.c:fd_uint128_extract_lsb
FN:186,fd_util.c:fd_uint128_insert_lsb
FN:187,fd_util.c:fd_uint128_mask
FN:188,fd_util.c:fd_uint128_clear
FN:189,fd_util.c:fd_uint128_set
FN:190,fd_util.c:fd_uint128_flip
FN:191,fd_util.c:fd_uint128_extract
FN:192,fd_util.c:fd_uint128_insert
FN:193,fd_util.c:fd_uint128_pop_lsb
FN:194,fd_util.c:fd_uint128_is_aligned
FN:195,fd_util.c:fd_uint128_alignment
FN:196,fd_util.c:fd_uint128_align_dn
FN:197,fd_util.c:fd_uint128_align_up
FN:198,fd_util.c:fd_uint128_blend
FN:199,fd_util.c:fd_uint128_if
FN:200,fd_util.c:fd_uint128_store_if
FN:201,fd_util.c:fd_uint128_abs
FN:202,fd_util.c:fd_uint128_min
FN:203,fd_util.c:fd_uint128_max
FN:204,fd_util.c:fd_uint128_shift_left
FN:205,fd_util.c:fd_uint128_shift_right
FN:206,fd_util.c:fd_uint128_rotate_left
FN:207,fd_util.c:fd_uint128_rotate_right
FN:220,fd_util.c:fd_uchar_popcnt
FN:221,fd_util.c:fd_ushort_popcnt
FN:222,fd_util.c:fd_uint_popcnt
FN:223,fd_util.c:fd_ulong_popcnt
FN:227,fd_util.c:fd_uint128_popcnt
FN:235,fd_util.c:fd_uchar_bswap
FN:236,fd_util.c:fd_ushort_bswap
FN:237,fd_util.c:fd_uint_bswap
FN:238,fd_util.c:fd_ulong_bswap
FN:242,fd_util.c:fd_uint128_bswap
FN:254,fd_util.c:fd_uchar_pow2_up
FN:265,fd_util.c:fd_uchar_pow2_dn
FN:276,fd_util.c:fd_ushort_pow2_up
FN:288,fd_util.c:fd_ushort_pow2_dn
FN:300,fd_util.c:fd_uint_pow2_up
FN:312,fd_util.c:fd_uint_pow2_dn
FN:324,fd_util.c:fd_ulong_pow2_up
FN:337,fd_util.c:fd_ulong_pow2_dn
FN:351,fd_util.c:fd_uint128_pow2_up
FN:365,fd_util.c:fd_uint128_pow2_dn
FN:403,fd_util.c:fd_schar_if
FN:404,fd_util.c:fd_schar_store_if
FN:405,fd_util.c:fd_schar_abs
FN:406,fd_util.c:fd_schar_min
FN:407,fd_util.c:fd_schar_max
FN:408,fd_util.c:fd_schar_shift_left
FN:409,fd_util.c:fd_schar_shift_right
FN:410,fd_util.c:fd_schar_rotate_left
FN:411,fd_util.c:fd_schar_rotate_right
FN:412,fd_util.c:fd_schar_zz_enc
FN:413,fd_util.c:fd_schar_zz_dec
FN:403,fd_util.c:fd_short_if
FN:404,fd_util.c:fd_short_store_if
FN:405,fd_util.c:fd_short_abs
FN:406,fd_util.c:fd_short_min
FN:407,fd_util.c:fd_short_max
FN:408,fd_util.c:fd_short_shift_left
FN:409,fd_util.c:fd_short_shift_right
FN:410,fd_util.c:fd_short_rotate_left
FN:411,fd_util.c:fd_short_rotate_right
FN:412,fd_util.c:fd_short_zz_enc
FN:413,fd_util.c:fd_short_zz_dec
FN:403,fd_util.c:fd_int_if
FN:404,fd_util.c:fd_int_store_if
FN:405,fd_util.c:fd_int_abs
FN:406,fd_util.c:fd_int_min
FN:407,fd_util.c:fd_int_max
FN:408,fd_util.c:fd_int_shift_left
FN:409,fd_util.c:fd_int_shift_right
FN:410,fd_util.c:fd_int_rotate_left
FN:411,fd_util.c:fd_int_rotate_right
FN:412,fd_util.c:fd_int_zz_enc
FN:413,fd_util.c:fd_int_zz_dec
FN:403,fd_util.c:fd_long_if
FN:404,fd_util.c:fd_long_store_if
FN:405,fd_util.c:fd_long_abs
FN:406,fd_util.c:fd_long_min
FN:407,fd_util.c:fd_long_max
FN:408,fd_util.c:fd_long_shift_left
FN:409,fd_util.c:fd_long_shift_right
FN:410,fd_util.c:fd_long_rotate_left
FN:411,fd_util.c:fd_long_rotate_right
FN:412,fd_util.c:fd_long_zz_enc
FN:413,fd_util.c:fd_long_zz_dec
FN:403,fd_util.c:fd_int128_if
FN:404,fd_util.c:fd_int128_store_if
FN:405,fd_util.c:fd_int128_abs
FN:406,fd_util.c:fd_int128_min
FN:407,fd_util.c:fd_int128_max
FN:408,fd_util.c:fd_int128_shift_left
FN:409,fd_util.c:fd_int128_shift_right
FN:410,fd_util.c:fd_int128_rotate_left
FN:411,fd_util.c:fd_int128_rotate_right
FN:412,fd_util.c:fd_int128_zz_enc
FN:413,fd_util.c:fd_int128_zz_dec
FN:432,fd_util.c:fd_char_if
FN:434,fd_util.c:fd_char_store_if
FN:446,fd_util.c:fd_uint_hash
FN:456,fd_util.c:fd_ulong_hash
FN:476,fd_util.c:fd_uint_hash_inverse
FN:486,fd_util.c:fd_ulong_hash_inverse
FN:500,fd_util.c:fd_uchar_base10_dig_cnt
FN:500,fd_util.c:fd_ushort_base10_dig_cnt
FN:500,fd_util.c:fd_uint_base10_dig_cnt
FN:500,fd_util.c:fd_ulong_base10_dig_cnt
FN:526,fd_util.c:fd_float_if
FN:527,fd_util.c:fd_float_store_if
FN:528,fd_util.c:fd_float_abs
FN:531,fd_util.c:fd_float_eq
FN:542,fd_util.c:fd_double_if
FN:543,fd_util.c:fd_double_store_if
FN:544,fd_util.c:fd_double_abs
FN:547,fd_util.c:fd_double_eq
FN:732,fd_util.c:fd_uchar_load_1
FN:734,fd_util.c:fd_ushort_load_1
FN:735,fd_util.c:fd_ushort_load_2
FN:737,fd_util.c:fd_uint_load_1
FN:738,fd_util.c:fd_uint_load_2
FN:739,fd_util.c:fd_uint_load_3
FN:740,fd_util.c:fd_uint_load_4
FN:742,fd_util.c:fd_ulong_load_1
FN:743,fd_util.c:fd_ulong_load_2
FN:744,fd_util.c:fd_ulong_load_3
FN:745,fd_util.c:fd_ulong_load_4
FN:746,fd_util.c:fd_ulong_load_5
FN:747,fd_util.c:fd_ulong_load_6
FN:748,fd_util.c:fd_ulong_load_7
FN:749,fd_util.c:fd_ulong_load_8
FN:758,fd_util.c:fd_uint_load_3_fast
FN:763,fd_util.c:fd_ulong_load_3_fast
FN:765,fd_util.c:fd_ulong_load_5_fast
FN:766,fd_util.c:fd_ulong_load_6_fast
FN:767,fd_util.c:fd_ulong_load_7_fast
FN:781,fd_util.c:fd_ulong_svw_enc_sz
FN:799,fd_util.c:fd_ulong_svw_enc
FN:820,fd_util.c:fd_ulong_svw_enc_fixed
FN:836,fd_util.c:fd_ulong_svw_dec_sz
FN:859,fd_util.c:fd_ulong_svw_dec_tail_sz
FN:884,fd_util.c:fd_ulong_svw_dec_fixed
FN:903,fd_util.c:fd_ulong_svw_dec
FN:918,fd_util.c:fd_ulong_svw_dec_tail
FN:202,fd_io.c:fd_ulong_min
FN:173,fd_io.c:fd_uchar_is_pow2
FN:174,fd_io.c:fd_uchar_pow2
FN:175,fd_io.c:fd_uchar_mask_bit
FN:176,fd_io.c:fd_uchar_clear_bit
FN:177,fd_io.c:fd_uchar_set_bit
FN:178,fd_io.c:fd_uchar_flip_bit
FN:179,fd_io.c:fd_uchar_extract_bit
FN:180,fd_io.c:fd_uchar_insert_bit
FN:181,fd_io.c:fd_uchar_mask_lsb
FN:182,fd_io.c:fd_uchar_clear_lsb
FN:183,fd_io.c:fd_uchar_set_lsb
FN:184,fd_io.c:fd_uchar_flip_lsb
FN:185,fd_io.c:fd_uchar_extract_lsb
FN:186,fd_io.c:fd_uchar_insert_lsb
FN:187,fd_io.c:fd_uchar_mask
FN:188,fd_io.c:fd_uchar_clear
FN:189,fd_io.c:fd_uchar_set
FN:190,fd_io.c:fd_uchar_flip
FN:191,fd_io.c:fd_uchar_extract
FN:192,fd_io.c:fd_uchar_insert
FN:193,fd_io.c:fd_uchar_pop_lsb
FN:194,fd_io.c:fd_uchar_is_aligned
FN:195,fd_io.c:fd_uchar_alignment
FN:196,fd_io.c:fd_uchar_align_dn
FN:197,fd_io.c:fd_uchar_align_up
FN:198,fd_io.c:fd_uchar_blend
FN:199,fd_io.c:fd_uchar_if
FN:200,fd_io.c:fd_uchar_store_if
FN:201,fd_io.c:fd_uchar_abs
FN:202,fd_io.c:fd_uchar_min
FN:203,fd_io.c:fd_uchar_max
FN:204,fd_io.c:fd_uchar_shift_left
FN:205,fd_io.c:fd_uchar_shift_right
FN:206,fd_io.c:fd_uchar_rotate_left
FN:207,fd_io.c:fd_uchar_rotate_right
FN:173,fd_io.c:fd_ushort_is_pow2
FN:174,fd_io.c:fd_ushort_pow2
FN:175,fd_io.c:fd_ushort_mask_bit
FN:176,fd_io.c:fd_ushort_clear_bit
FN:177,fd_io.c:fd_ushort_set_bit
FN:178,fd_io.c:fd_ushort_flip_bit
FN:179,fd_io.c:fd_ushort_extract_bit
FN:180,fd_io.c:fd_ushort_insert_bit
FN:181,fd_io.c:fd_ushort_mask_lsb
FN:182,fd_io.c:fd_ushort_clear_lsb
FN:183,fd_io.c:fd_ushort_set_lsb
FN:184,fd_io.c:fd_ushort_flip_lsb
FN:185,fd_io.c:fd_ushort_extract_lsb
FN:186,fd_io.c:fd_ushort_insert_lsb
FN:187,fd_io.c:fd_ushort_mask
FN:188,fd_io.c:fd_ushort_clear
FN:189,fd_io.c:fd_ushort_set
FN:190,fd_io.c:fd_ushort_flip
FN:191,fd_io.c:fd_ushort_extract
FN:192,fd_io.c:fd_ushort_insert
FN:193,fd_io.c:fd_ushort_pop_lsb
FN:194,fd_io.c:fd_ushort_is_aligned
FN:195,fd_io.c:fd_ushort_alignment
FN:196,fd_io.c:fd_ushort_align_dn
FN:197,fd_io.c:fd_ushort_align_up
FN:198,fd_io.c:fd_ushort_blend
FN:199,fd_io.c:fd_ushort_if
FN:200,fd_io.c:fd_ushort_store_if
FN:201,fd_io.c:fd_ushort_abs
FN:202,fd_io.c:fd_ushort_min
FN:203,fd_io.c:fd_ushort_max
FN:204,fd_io.c:fd_ushort_shift_left
FN:205,fd_io.c:fd_ushort_shift_right
FN:206,fd_io.c:fd_ushort_rotate_left
FN:207,fd_io.c:fd_ushort_rotate_right
FN:173,fd_io.c:fd_uint_is_pow2
FN:174,fd_io.c:fd_uint_pow2
FN:175,fd_io.c:fd_uint_mask_bit
FN:176,fd_io.c:fd_uint_clear_bit
FN:177,fd_io.c:fd_uint_set_bit
FN:178,fd_io.c:fd_uint_flip_bit
FN:179,fd_io.c:fd_uint_extract_bit
FN:180,fd_io.c:fd_uint_insert_bit
FN:181,fd_io.c:fd_uint_mask_lsb
FN:182,fd_io.c:fd_uint_clear_lsb
FN:183,fd_io.c:fd_uint_set_lsb
FN:184,fd_io.c:fd_uint_flip_lsb
FN:185,fd_io.c:fd_uint_extract_lsb
FN:186,fd_io.c:fd_uint_insert_lsb
FN:187,fd_io.c:fd_uint_mask
FN:188,fd_io.c:fd_uint_clear
FN:189,fd_io.c:fd_uint_set
FN:190,fd_io.c:fd_uint_flip
FN:191,fd_io.c:fd_uint_extract
FN:192,fd_io.c:fd_uint_insert
FN:193,fd_io.c:fd_uint_pop_lsb
FN:194,fd_io.c:fd_uint_is_aligned
FN:195,fd_io.c:fd_uint_alignment
FN:196,fd_io.c:fd_uint_align_dn
FN:197,fd_io.c:fd_uint_align_up
FN:198,fd_io.c:fd_uint_blend
FN:199,fd_io.c:fd_uint_if
FN:200,fd_io.c:fd_uint_store_if
FN:201,fd_io.c:fd_uint_abs
FN:202,fd_io.c:fd_uint_min
FN:203,fd_io.c:fd_uint_max
FN:204,fd_io.c:fd_uint_shift_left
FN:205,fd_io.c:fd_uint_shift_right
FN:206,fd_io.c:fd_uint_rotate_left
FN:207,fd_io.c:fd_uint_rotate_right
FN:173,fd_io.c:fd_ulong_is_pow2
FN:174,fd_io.c:fd_ulong_pow2
FN:175,fd_io.c:fd_ulong_mask_bit
FN:176,fd_io.c:fd_ulong_clear_bit
FN:177,fd_io.c:fd_ulong_set_bit
FN:178,fd_io.c:fd_ulong_flip_bit
FN:179,fd_io.c:fd_ulong_extract_bit
FN:180,fd_io.c:fd_ulong_insert_bit
FN:181,fd_io.c:fd_ulong_mask_lsb
FN:182,fd_io.c:fd_ulong_clear_lsb
FN:183,fd_io.c:fd_ulong_set_lsb
FN:184,fd_io.c:fd_ulong_flip_lsb
FN:185,fd_io.c:fd_ulong_extract_lsb
FN:186,fd_io.c:fd_ulong_insert_lsb
FN:187,fd_io.c:fd_ulong_mask
FN:188,fd_io.c:fd_ulong_clear
FN:189,fd_io.c:fd_ulong_set
FN:190,fd_io.c:fd_ulong_flip
FN:191,fd_io.c:fd_ulong_extract
FN:192,fd_io.c:fd_ulong_insert
FN:193,fd_io.c:fd_ulong_pop_lsb
FN:194,fd_io.c:fd_ulong_is_aligned
FN:195,fd_io.c:fd_ulong_alignment
FN:196,fd_io.c:fd_ulong_align_dn
FN:197,fd_io.c:fd_ulong_align_up
FN:198,fd_io.c:fd_ulong_blend
FN:199,fd_io.c:fd_ulong_if
FN:200,fd_io.c:fd_ulong_store_if
FN:201,fd_io.c:fd_ulong_abs
FN:203,fd_io.c:fd_ulong_max
FN:204,fd_io.c:fd_ulong_shift_left
FN:205,fd_io.c:fd_ulong_shift_right
FN:206,fd_io.c:fd_ulong_rotate_left
FN:207,fd_io.c:fd_ulong_rotate_right
FN:173,fd_io.c:fd_uint128_is_pow2
FN:174,fd_io.c:fd_uint128_pow2
FN:175,fd_io.c:fd_uint128_mask_bit
FN:176,fd_io.c:fd_uint128_clear_bit
FN:177,fd_io.c:fd_uint128_set_bit
FN:178,fd_io.c:fd_uint128_flip_bit
FN:179,fd_io.c:fd_uint128_extract_bit
FN:180,fd_io.c:fd_uint128_insert_bit
FN:181,fd_io.c:fd_uint128_mask_lsb
FN:182,fd_io.c:fd_uint128_clear_lsb
FN:183,fd_io.c:fd_uint128_set_lsb
FN:184,fd_io.c:fd_uint128_flip_lsb
FN:185,fd_io.c:fd_uint128_extract_lsb
FN:186,fd_io.c:fd_uint128_insert_lsb
FN:187,fd_io.c:fd_uint128_mask
FN:188,fd_io.c:fd_uint128_clear
FN:189,fd_io.c:fd_uint128_set
FN:190,fd_io.c:fd_uint128_flip
FN:191,fd_io.c:fd_uint128_extract
FN:192,fd_io.c:fd_uint128_insert
FN:193,fd_io.c:fd_uint128_pop_lsb
FN:194,fd_io.c:fd_uint128_is_aligned
FN:195,fd_io.c:fd_uint128_alignment
FN:196,fd_io.c:fd_uint128_align_dn
FN:197,fd_io.c:fd_uint128_align_up
FN:198,fd_io.c:fd_uint128_blend
FN:199,fd_io.c:fd_uint128_if
FN:200,fd_io.c:fd_uint128_store_if
FN:201,fd_io.c:fd_uint128_abs
FN:202,fd_io.c:fd_uint128_min
FN:203,fd_io.c:fd_uint128_max
FN:204,fd_io.c:fd_uint128_shift_left
FN:205,fd_io.c:fd_uint128_shift_right
FN:206,fd_io.c:fd_uint128_rotate_left
FN:207,fd_io.c:fd_uint128_rotate_right
FN:220,fd_io.c:fd_uchar_popcnt
FN:221,fd_io.c:fd_ushort_popcnt
FN:222,fd_io.c:fd_uint_popcnt
FN:223,fd_io.c:fd_ulong_popcnt
FN:227,fd_io.c:fd_uint128_popcnt
FN:235,fd_io.c:fd_uchar_bswap
FN:236,fd_io.c:fd_ushort_bswap
FN:237,fd_io.c:fd_uint_bswap
FN:238,fd_io.c:fd_ulong_bswap
FN:242,fd_io.c:fd_uint128_bswap
FN:254,fd_io.c:fd_uchar_pow2_up
FN:265,fd_io.c:fd_uchar_pow2_dn
FN:276,fd_io.c:fd_ushort_pow2_up
FN:288,fd_io.c:fd_ushort_pow2_dn
FN:300,fd_io.c:fd_uint_pow2_up
FN:312,fd_io.c:fd_uint_pow2_dn
FN:324,fd_io.c:fd_ulong_pow2_up
FN:337,fd_io.c:fd_ulong_pow2_dn
FN:351,fd_io.c:fd_uint128_pow2_up
FN:365,fd_io.c:fd_uint128_pow2_dn
FN:403,fd_io.c:fd_schar_if
FN:404,fd_io.c:fd_schar_store_if
FN:405,fd_io.c:fd_schar_abs
FN:406,fd_io.c:fd_schar_min
FN:407,fd_io.c:fd_schar_max
FN:408,fd_io.c:fd_schar_shift_left
FN:409,fd_io.c:fd_schar_shift_right
FN:410,fd_io.c:fd_schar_rotate_left
FN:411,fd_io.c:fd_schar_rotate_right
FN:412,fd_io.c:fd_schar_zz_enc
FN:413,fd_io.c:fd_schar_zz_dec
FN:403,fd_io.c:fd_short_if
FN:404,fd_io.c:fd_short_store_if
FN:405,fd_io.c:fd_short_abs
FN:406,fd_io.c:fd_short_min
FN:407,fd_io.c:fd_short_max
FN:408,fd_io.c:fd_short_shift_left
FN:409,fd_io.c:fd_short_shift_right
FN:410,fd_io.c:fd_short_rotate_left
FN:411,fd_io.c:fd_short_rotate_right
FN:412,fd_io.c:fd_short_zz_enc
FN:413,fd_io.c:fd_short_zz_dec
FN:403,fd_io.c:fd_int_if
FN:404,fd_io.c:fd_int_store_if
FN:405,fd_io.c:fd_int_abs
FN:406,fd_io.c:fd_int_min
FN:407,fd_io.c:fd_int_max
FN:408,fd_io.c:fd_int_shift_left
FN:409,fd_io.c:fd_int_shift_right
FN:410,fd_io.c:fd_int_rotate_left
FN:411,fd_io.c:fd_int_rotate_right
FN:412,fd_io.c:fd_int_zz_enc
FN:413,fd_io.c:fd_int_zz_dec
FN:403,fd_io.c:fd_long_if
FN:404,fd_io.c:fd_long_store_if
FN:405,fd_io.c:fd_long_abs
FN:406,fd_io.c:fd_long_min
FN:407,fd_io.c:fd_long_max
FN:408,fd_io.c:fd_long_shift_left
FN:409,fd_io.c:fd_long_shift_right
FN:410,fd_io.c:fd_long_rotate_left
FN:411,fd_io.c:fd_long_rotate_right
FN:412,fd_io.c:fd_long_zz_enc
FN:413,fd_io.c:fd_long_zz_dec
FN:403,fd_io.c:fd_int128_if
FN:404,fd_io.c:fd_int128_store_if
FN:405,fd_io.c:fd_int128_abs
FN:406,fd_io.c:fd_int128_min
FN:407,fd_io.c:fd_int128_max
FN:408,fd_io.c:fd_int128_shift_left
FN:409,fd_io.c:fd_int128_shift_right
FN:410,fd_io.c:fd_int128_rotate_left
FN:411,fd_io.c:fd_int128_rotate_right
FN:412,fd_io.c:fd_int128_zz_enc
FN:413,fd_io.c:fd_int128_zz_dec
FN:432,fd_io.c:fd_char_if
FN:434,fd_io.c:fd_char_store_if
FN:446,fd_io.c:fd_uint_hash
FN:456,fd_io.c:fd_ulong_hash
FN:476,fd_io.c:fd_uint_hash_inverse
FN:486,fd_io.c:fd_ulong_hash_inverse
FN:500,fd_io.c:fd_uchar_base10_dig_cnt
FN:500,fd_io.c:fd_ushort_base10_dig_cnt
FN:500,fd_io.c:fd_uint_base10_dig_cnt
FN:500,fd_io.c:fd_ulong_base10_dig_cnt
FN:526,fd_io.c:fd_float_if
FN:527,fd_io.c:fd_float_store_if
FN:528,fd_io.c:fd_float_abs
FN:531,fd_io.c:fd_float_eq
FN:542,fd_io.c:fd_double_if
FN:543,fd_io.c:fd_double_store_if
FN:544,fd_io.c:fd_double_abs
FN:547,fd_io.c:fd_double_eq
FN:732,fd_io.c:fd_uchar_load_1
FN:734,fd_io.c:fd_ushort_load_1
FN:735,fd_io.c:fd_ushort_load_2
FN:737,fd_io.c:fd_uint_load_1
FN:738,fd_io.c:fd_uint_load_2
FN:739,fd_io.c:fd_uint_load_3
FN:740,fd_io.c:fd_uint_load_4
FN:742,fd_io.c:fd_ulong_load_1
FN:743,fd_io.c:fd_ulong_load_2
FN:744,fd_io.c:fd_ulong_load_3
FN:745,fd_io.c:fd_ulong_load_4
FN:746,fd_io.c:fd_ulong_load_5
FN:747,fd_io.c:fd_ulong_load_6
FN:748,fd_io.c:fd_ulong_load_7
FN:749,fd_io.c:fd_ulong_load_8
FN:758,fd_io.c:fd_uint_load_3_fast
FN:763,fd_io.c:fd_ulong_load_3_fast
FN:765,fd_io.c:fd_ulong_load_5_fast
FN:766,fd_io.c:fd_ulong_load_6_fast
FN:767,fd_io.c:fd_ulong_load_7_fast
FN:781,fd_io.c:fd_ulong_svw_enc_sz
FN:799,fd_io.c:fd_ulong_svw_enc
FN:820,fd_io.c:fd_ulong_svw_enc_fixed
FN:836,fd_io.c:fd_ulong_svw_dec_sz
FN:859,fd_io.c:fd_ulong_svw_dec_tail_sz
FN:884,fd_io.c:fd_ulong_svw_dec_fixed
FN:903,fd_io.c:fd_ulong_svw_dec
FN:918,fd_io.c:fd_ulong_svw_dec_tail
FN:173,fd_env.c:fd_uchar_is_pow2
FN:174,fd_env.c:fd_uchar_pow2
FN:175,fd_env.c:fd_uchar_mask_bit
FN:176,fd_env.c:fd_uchar_clear_bit
FN:177,fd_env.c:fd_uchar_set_bit
FN:178,fd_env.c:fd_uchar_flip_bit
FN:179,fd_env.c:fd_uchar_extract_bit
FN:180,fd_env.c:fd_uchar_insert_bit
FN:181,fd_env.c:fd_uchar_mask_lsb
FN:182,fd_env.c:fd_uchar_clear_lsb
FN:183,fd_env.c:fd_uchar_set_lsb
FN:184,fd_env.c:fd_uchar_flip_lsb
FN:185,fd_env.c:fd_uchar_extract_lsb
FN:186,fd_env.c:fd_uchar_insert_lsb
FN:187,fd_env.c:fd_uchar_mask
FN:188,fd_env.c:fd_uchar_clear
FN:189,fd_env.c:fd_uchar_set
FN:190,fd_env.c:fd_uchar_flip
FN:191,fd_env.c:fd_uchar_extract
FN:192,fd_env.c:fd_uchar_insert
FN:193,fd_env.c:fd_uchar_pop_lsb
FN:194,fd_env.c:fd_uchar_is_aligned
FN:195,fd_env.c:fd_uchar_alignment
FN:196,fd_env.c:fd_uchar_align_dn
FN:197,fd_env.c:fd_uchar_align_up
FN:198,fd_env.c:fd_uchar_blend
FN:199,fd_env.c:fd_uchar_if
FN:200,fd_env.c:fd_uchar_store_if
FN:201,fd_env.c:fd_uchar_abs
FN:202,fd_env.c:fd_uchar_min
FN:203,fd_env.c:fd_uchar_max
FN:204,fd_env.c:fd_uchar_shift_left
FN:205,fd_env.c:fd_uchar_shift_right
FN:206,fd_env.c:fd_uchar_rotate_left
FN:207,fd_env.c:fd_uchar_rotate_right
FN:173,fd_env.c:fd_ushort_is_pow2
FN:174,fd_env.c:fd_ushort_pow2
FN:175,fd_env.c:fd_ushort_mask_bit
FN:176,fd_env.c:fd_ushort_clear_bit
FN:177,fd_env.c:fd_ushort_set_bit
FN:178,fd_env.c:fd_ushort_flip_bit
FN:179,fd_env.c:fd_ushort_extract_bit
FN:180,fd_env.c:fd_ushort_insert_bit
FN:181,fd_env.c:fd_ushort_mask_lsb
FN:182,fd_env.c:fd_ushort_clear_lsb
FN:183,fd_env.c:fd_ushort_set_lsb
FN:184,fd_env.c:fd_ushort_flip_lsb
FN:185,fd_env.c:fd_ushort_extract_lsb
FN:186,fd_env.c:fd_ushort_insert_lsb
FN:187,fd_env.c:fd_ushort_mask
FN:188,fd_env.c:fd_ushort_clear
FN:189,fd_env.c:fd_ushort_set
FN:190,fd_env.c:fd_ushort_flip
FN:191,fd_env.c:fd_ushort_extract
FN:192,fd_env.c:fd_ushort_insert
FN:193,fd_env.c:fd_ushort_pop_lsb
FN:194,fd_env.c:fd_ushort_is_aligned
FN:195,fd_env.c:fd_ushort_alignment
FN:196,fd_env.c:fd_ushort_align_dn
FN:197,fd_env.c:fd_ushort_align_up
FN:198,fd_env.c:fd_ushort_blend
FN:199,fd_env.c:fd_ushort_if
FN:200,fd_env.c:fd_ushort_store_if
FN:201,fd_env.c:fd_ushort_abs
FN:202,fd_env.c:fd_ushort_min
FN:203,fd_env.c:fd_ushort_max
FN:204,fd_env.c:fd_ushort_shift_left
FN:205,fd_env.c:fd_ushort_shift_right
FN:206,fd_env.c:fd_ushort_rotate_left
FN:207,fd_env.c:fd_ushort_rotate_right
FN:173,fd_env.c:fd_uint_is_pow2
FN:174,fd_env.c:fd_uint_pow2
FN:175,fd_env.c:fd_uint_mask_bit
FN:176,fd_env.c:fd_uint_clear_bit
FN:177,fd_env.c:fd_uint_set_bit
FN:178,fd_env.c:fd_uint_flip_bit
FN:179,fd_env.c:fd_uint_extract_bit
FN:180,fd_env.c:fd_uint_insert_bit
FN:181,fd_env.c:fd_uint_mask_lsb
FN:182,fd_env.c:fd_uint_clear_lsb
FN:183,fd_env.c:fd_uint_set_lsb
FN:184,fd_env.c:fd_uint_flip_lsb
FN:185,fd_env.c:fd_uint_extract_lsb
FN:186,fd_env.c:fd_uint_insert_lsb
FN:187,fd_env.c:fd_uint_mask
FN:188,fd_env.c:fd_uint_clear
FN:189,fd_env.c:fd_uint_set
FN:190,fd_env.c:fd_uint_flip
FN:191,fd_env.c:fd_uint_extract
FN:192,fd_env.c:fd_uint_insert
FN:193,fd_env.c:fd_uint_pop_lsb
FN:194,fd_env.c:fd_uint_is_aligned
FN:195,fd_env.c:fd_uint_alignment
FN:196,fd_env.c:fd_uint_align_dn
FN:197,fd_env.c:fd_uint_align_up
FN:198,fd_env.c:fd_uint_blend
FN:199,fd_env.c:fd_uint_if
FN:200,fd_env.c:fd_uint_store_if
FN:201,fd_env.c:fd_uint_abs
FN:202,fd_env.c:fd_uint_min
FN:203,fd_env.c:fd_uint_max
FN:204,fd_env.c:fd_uint_shift_left
FN:205,fd_env.c:fd_uint_shift_right
FN:206,fd_env.c:fd_uint_rotate_left
FN:207,fd_env.c:fd_uint_rotate_right
FN:173,fd_env.c:fd_ulong_is_pow2
FN:174,fd_env.c:fd_ulong_pow2
FN:175,fd_env.c:fd_ulong_mask_bit
FN:176,fd_env.c:fd_ulong_clear_bit
FN:177,fd_env.c:fd_ulong_set_bit
FN:178,fd_env.c:fd_ulong_flip_bit
FN:179,fd_env.c:fd_ulong_extract_bit
FN:180,fd_env.c:fd_ulong_insert_bit
FN:181,fd_env.c:fd_ulong_mask_lsb
FN:182,fd_env.c:fd_ulong_clear_lsb
FN:183,fd_env.c:fd_ulong_set_lsb
FN:184,fd_env.c:fd_ulong_flip_lsb
FN:185,fd_env.c:fd_ulong_extract_lsb
FN:186,fd_env.c:fd_ulong_insert_lsb
FN:187,fd_env.c:fd_ulong_mask
FN:188,fd_env.c:fd_ulong_clear
FN:189,fd_env.c:fd_ulong_set
FN:190,fd_env.c:fd_ulong_flip
FN:191,fd_env.c:fd_ulong_extract
FN:192,fd_env.c:fd_ulong_insert
FN:193,fd_env.c:fd_ulong_pop_lsb
FN:194,fd_env.c:fd_ulong_is_aligned
FN:195,fd_env.c:fd_ulong_alignment
FN:196,fd_env.c:fd_ulong_align_dn
FN:197,fd_env.c:fd_ulong_align_up
FN:198,fd_env.c:fd_ulong_blend
FN:199,fd_env.c:fd_ulong_if
FN:200,fd_env.c:fd_ulong_store_if
FN:201,fd_env.c:fd_ulong_abs
FN:202,fd_env.c:fd_ulong_min
FN:203,fd_env.c:fd_ulong_max
FN:204,fd_env.c:fd_ulong_shift_left
FN:205,fd_env.c:fd_ulong_shift_right
FN:206,fd_env.c:fd_ulong_rotate_left
FN:207,fd_env.c:fd_ulong_rotate_right
FN:173,fd_env.c:fd_uint128_is_pow2
FN:174,fd_env.c:fd_uint128_pow2
FN:175,fd_env.c:fd_uint128_mask_bit
FN:176,fd_env.c:fd_uint128_clear_bit
FN:177,fd_env.c:fd_uint128_set_bit
FN:178,fd_env.c:fd_uint128_flip_bit
FN:179,fd_env.c:fd_uint128_extract_bit
FN:180,fd_env.c:fd_uint128_insert_bit
FN:181,fd_env.c:fd_uint128_mask_lsb
FN:182,fd_env.c:fd_uint128_clear_lsb
FN:183,fd_env.c:fd_uint128_set_lsb
FN:184,fd_env.c:fd_uint128_flip_lsb
FN:185,fd_env.c:fd_uint128_extract_lsb
FN:186,fd_env.c:fd_uint128_insert_lsb
FN:187,fd_env.c:fd_uint128_mask
FN:188,fd_env.c:fd_uint128_clear
FN:189,fd_env.c:fd_uint128_set
FN:190,fd_env.c:fd_uint128_flip
FN:191,fd_env.c:fd_uint128_extract
FN:192,fd_env.c:fd_uint128_insert
FN:193,fd_env.c:fd_uint128_pop_lsb
FN:194,fd_env.c:fd_uint128_is_aligned
FN:195,fd_env.c:fd_uint128_alignment
FN:196,fd_env.c:fd_uint128_align_dn
FN:197,fd_env.c:fd_uint128_align_up
FN:198,fd_env.c:fd_uint128_blend
FN:199,fd_env.c:fd_uint128_if
FN:200,fd_env.c:fd_uint128_store_if
FN:201,fd_env.c:fd_uint128_abs
FN:202,fd_env.c:fd_uint128_min
FN:203,fd_env.c:fd_uint128_max
FN:204,fd_env.c:fd_uint128_shift_left
FN:205,fd_env.c:fd_uint128_shift_right
FN:206,fd_env.c:fd_uint128_rotate_left
FN:207,fd_env.c:fd_uint128_rotate_right
FN:220,fd_env.c:fd_uchar_popcnt
FN:221,fd_env.c:fd_ushort_popcnt
FN:222,fd_env.c:fd_uint_popcnt
FN:223,fd_env.c:fd_ulong_popcnt
FN:227,fd_env.c:fd_uint128_popcnt
FN:235,fd_env.c:fd_uchar_bswap
FN:236,fd_env.c:fd_ushort_bswap
FN:237,fd_env.c:fd_uint_bswap
FN:238,fd_env.c:fd_ulong_bswap
FN:242,fd_env.c:fd_uint128_bswap
FN:254,fd_env.c:fd_uchar_pow2_up
FN:265,fd_env.c:fd_uchar_pow2_dn
FN:276,fd_env.c:fd_ushort_pow2_up
FN:288,fd_env.c:fd_ushort_pow2_dn
FN:300,fd_env.c:fd_uint_pow2_up
FN:312,fd_env.c:fd_uint_pow2_dn
FN:324,fd_env.c:fd_ulong_pow2_up
FN:337,fd_env.c:fd_ulong_pow2_dn
FN:351,fd_env.c:fd_uint128_pow2_up
FN:365,fd_env.c:fd_uint128_pow2_dn
FN:403,fd_env.c:fd_schar_if
FN:404,fd_env.c:fd_schar_store_if
FN:405,fd_env.c:fd_schar_abs
FN:406,fd_env.c:fd_schar_min
FN:407,fd_env.c:fd_schar_max
FN:408,fd_env.c:fd_schar_shift_left
FN:409,fd_env.c:fd_schar_shift_right
FN:410,fd_env.c:fd_schar_rotate_left
FN:411,fd_env.c:fd_schar_rotate_right
FN:412,fd_env.c:fd_schar_zz_enc
FN:413,fd_env.c:fd_schar_zz_dec
FN:403,fd_env.c:fd_short_if
FN:404,fd_env.c:fd_short_store_if
FN:405,fd_env.c:fd_short_abs
FN:406,fd_env.c:fd_short_min
FN:407,fd_env.c:fd_short_max
FN:408,fd_env.c:fd_short_shift_left
FN:409,fd_env.c:fd_short_shift_right
FN:410,fd_env.c:fd_short_rotate_left
FN:411,fd_env.c:fd_short_rotate_right
FN:412,fd_env.c:fd_short_zz_enc
FN:413,fd_env.c:fd_short_zz_dec
FN:403,fd_env.c:fd_int_if
FN:404,fd_env.c:fd_int_store_if
FN:405,fd_env.c:fd_int_abs
FN:406,fd_env.c:fd_int_min
FN:407,fd_env.c:fd_int_max
FN:408,fd_env.c:fd_int_shift_left
FN:409,fd_env.c:fd_int_shift_right
FN:410,fd_env.c:fd_int_rotate_left
FN:411,fd_env.c:fd_int_rotate_right
FN:412,fd_env.c:fd_int_zz_enc
FN:413,fd_env.c:fd_int_zz_dec
FN:403,fd_env.c:fd_long_if
FN:404,fd_env.c:fd_long_store_if
FN:405,fd_env.c:fd_long_abs
FN:406,fd_env.c:fd_long_min
FN:407,fd_env.c:fd_long_max
FN:408,fd_env.c:fd_long_shift_left
FN:409,fd_env.c:fd_long_shift_right
FN:410,fd_env.c:fd_long_rotate_left
FN:411,fd_env.c:fd_long_rotate_right
FN:412,fd_env.c:fd_long_zz_enc
FN:413,fd_env.c:fd_long_zz_dec
FN:403,fd_env.c:fd_int128_if
FN:404,fd_env.c:fd_int128_store_if
FN:405,fd_env.c:fd_int128_abs
FN:406,fd_env.c:fd_int128_min
FN:407,fd_env.c:fd_int128_max
FN:408,fd_env.c:fd_int128_shift_left
FN:409,fd_env.c:fd_int128_shift_right
FN:410,fd_env.c:fd_int128_rotate_left
FN:411,fd_env.c:fd_int128_rotate_right
FN:412,fd_env.c:fd_int128_zz_enc
FN:413,fd_env.c:fd_int128_zz_dec
FN:432,fd_env.c:fd_char_if
FN:434,fd_env.c:fd_char_store_if
FN:446,fd_env.c:fd_uint_hash
FN:456,fd_env.c:fd_ulong_hash
FN:476,fd_env.c:fd_uint_hash_inverse
FN:486,fd_env.c:fd_ulong_hash_inverse
FN:500,fd_env.c:fd_uchar_base10_dig_cnt
FN:500,fd_env.c:fd_ushort_base10_dig_cnt
FN:500,fd_env.c:fd_uint_base10_dig_cnt
FN:500,fd_env.c:fd_ulong_base10_dig_cnt
FN:526,fd_env.c:fd_float_if
FN:527,fd_env.c:fd_float_store_if
FN:528,fd_env.c:fd_float_abs
FN:531,fd_env.c:fd_float_eq
FN:542,fd_env.c:fd_double_if
FN:543,fd_env.c:fd_double_store_if
FN:544,fd_env.c:fd_double_abs
FN:547,fd_env.c:fd_double_eq
FN:732,fd_env.c:fd_uchar_load_1
FN:734,fd_env.c:fd_ushort_load_1
FN:735,fd_env.c:fd_ushort_load_2
FN:737,fd_env.c:fd_uint_load_1
FN:738,fd_env.c:fd_uint_load_2
FN:739,fd_env.c:fd_uint_load_3
FN:740,fd_env.c:fd_uint_load_4
FN:742,fd_env.c:fd_ulong_load_1
FN:743,fd_env.c:fd_ulong_load_2
FN:744,fd_env.c:fd_ulong_load_3
FN:745,fd_env.c:fd_ulong_load_4
FN:746,fd_env.c:fd_ulong_load_5
FN:747,fd_env.c:fd_ulong_load_6
FN:748,fd_env.c:fd_ulong_load_7
FN:749,fd_env.c:fd_ulong_load_8
FN:758,fd_env.c:fd_uint_load_3_fast
FN:763,fd_env.c:fd_ulong_load_3_fast
FN:765,fd_env.c:fd_ulong_load_5_fast
FN:766,fd_env.c:fd_ulong_load_6_fast
FN:767,fd_env.c:fd_ulong_load_7_fast
FN:781,fd_env.c:fd_ulong_svw_enc_sz
FN:799,fd_env.c:fd_ulong_svw_enc
FN:820,fd_env.c:fd_ulong_svw_enc_fixed
FN:836,fd_env.c:fd_ulong_svw_dec_sz
FN:859,fd_env.c:fd_ulong_svw_dec_tail_sz
FN:884,fd_env.c:fd_ulong_svw_dec_fixed
FN:903,fd_env.c:fd_ulong_svw_dec
FN:918,fd_env.c:fd_ulong_svw_dec_tail
FN:199,fd_cstr.c:fd_ulong_if
FN:202,fd_cstr.c:fd_ulong_min
FN:173,fd_cstr.c:fd_uchar_is_pow2
FN:174,fd_cstr.c:fd_uchar_pow2
FN:175,fd_cstr.c:fd_uchar_mask_bit
FN:176,fd_cstr.c:fd_uchar_clear_bit
FN:177,fd_cstr.c:fd_uchar_set_bit
FN:178,fd_cstr.c:fd_uchar_flip_bit
FN:179,fd_cstr.c:fd_uchar_extract_bit
FN:180,fd_cstr.c:fd_uchar_insert_bit
FN:181,fd_cstr.c:fd_uchar_mask_lsb
FN:182,fd_cstr.c:fd_uchar_clear_lsb
FN:183,fd_cstr.c:fd_uchar_set_lsb
FN:184,fd_cstr.c:fd_uchar_flip_lsb
FN:185,fd_cstr.c:fd_uchar_extract_lsb
FN:186,fd_cstr.c:fd_uchar_insert_lsb
FN:187,fd_cstr.c:fd_uchar_mask
FN:188,fd_cstr.c:fd_uchar_clear
FN:189,fd_cstr.c:fd_uchar_set
FN:190,fd_cstr.c:fd_uchar_flip
FN:191,fd_cstr.c:fd_uchar_extract
FN:192,fd_cstr.c:fd_uchar_insert
FN:193,fd_cstr.c:fd_uchar_pop_lsb
FN:194,fd_cstr.c:fd_uchar_is_aligned
FN:195,fd_cstr.c:fd_uchar_alignment
FN:196,fd_cstr.c:fd_uchar_align_dn
FN:197,fd_cstr.c:fd_uchar_align_up
FN:198,fd_cstr.c:fd_uchar_blend
FN:199,fd_cstr.c:fd_uchar_if
FN:200,fd_cstr.c:fd_uchar_store_if
FN:201,fd_cstr.c:fd_uchar_abs
FN:202,fd_cstr.c:fd_uchar_min
FN:203,fd_cstr.c:fd_uchar_max
FN:204,fd_cstr.c:fd_uchar_shift_left
FN:205,fd_cstr.c:fd_uchar_shift_right
FN:206,fd_cstr.c:fd_uchar_rotate_left
FN:207,fd_cstr.c:fd_uchar_rotate_right
FN:173,fd_cstr.c:fd_ushort_is_pow2
FN:174,fd_cstr.c:fd_ushort_pow2
FN:175,fd_cstr.c:fd_ushort_mask_bit
FN:176,fd_cstr.c:fd_ushort_clear_bit
FN:177,fd_cstr.c:fd_ushort_set_bit
FN:178,fd_cstr.c:fd_ushort_flip_bit
FN:179,fd_cstr.c:fd_ushort_extract_bit
FN:180,fd_cstr.c:fd_ushort_insert_bit
FN:181,fd_cstr.c:fd_ushort_mask_lsb
FN:182,fd_cstr.c:fd_ushort_clear_lsb
FN:183,fd_cstr.c:fd_ushort_set_lsb
FN:184,fd_cstr.c:fd_ushort_flip_lsb
FN:185,fd_cstr.c:fd_ushort_extract_lsb
FN:186,fd_cstr.c:fd_ushort_insert_lsb
FN:187,fd_cstr.c:fd_ushort_mask
FN:188,fd_cstr.c:fd_ushort_clear
FN:189,fd_cstr.c:fd_ushort_set
FN:190,fd_cstr.c:fd_ushort_flip
FN:191,fd_cstr.c:fd_ushort_extract
FN:192,fd_cstr.c:fd_ushort_insert
FN:193,fd_cstr.c:fd_ushort_pop_lsb
FN:194,fd_cstr.c:fd_ushort_is_aligned
FN:195,fd_cstr.c:fd_ushort_alignment
FN:196,fd_cstr.c:fd_ushort_align_dn
FN:197,fd_cstr.c:fd_ushort_align_up
FN:198,fd_cstr.c:fd_ushort_blend
FN:199,fd_cstr.c:fd_ushort_if
FN:200,fd_cstr.c:fd_ushort_store_if
FN:201,fd_cstr.c:fd_ushort_abs
FN:202,fd_cstr.c:fd_ushort_min
FN:203,fd_cstr.c:fd_ushort_max
FN:204,fd_cstr.c:fd_ushort_shift_left
FN:205,fd_cstr.c:fd_ushort_shift_right
FN:206,fd_cstr.c:fd_ushort_rotate_left
FN:207,fd_cstr.c:fd_ushort_rotate_right
FN:173,fd_cstr.c:fd_uint_is_pow2
FN:174,fd_cstr.c:fd_uint_pow2
FN:175,fd_cstr.c:fd_uint_mask_bit
FN:176,fd_cstr.c:fd_uint_clear_bit
FN:177,fd_cstr.c:fd_uint_set_bit
FN:178,fd_cstr.c:fd_uint_flip_bit
FN:179,fd_cstr.c:fd_uint_extract_bit
FN:180,fd_cstr.c:fd_uint_insert_bit
FN:181,fd_cstr.c:fd_uint_mask_lsb
FN:182,fd_cstr.c:fd_uint_clear_lsb
FN:183,fd_cstr.c:fd_uint_set_lsb
FN:184,fd_cstr.c:fd_uint_flip_lsb
FN:185,fd_cstr.c:fd_uint_extract_lsb
FN:186,fd_cstr.c:fd_uint_insert_lsb
FN:187,fd_cstr.c:fd_uint_mask
FN:188,fd_cstr.c:fd_uint_clear
FN:189,fd_cstr.c:fd_uint_set
FN:190,fd_cstr.c:fd_uint_flip
FN:191,fd_cstr.c:fd_uint_extract
FN:192,fd_cstr.c:fd_uint_insert
FN:193,fd_cstr.c:fd_uint_pop_lsb
FN:194,fd_cstr.c:fd_uint_is_aligned
FN:195,fd_cstr.c:fd_uint_alignment
FN:196,fd_cstr.c:fd_uint_align_dn
FN:197,fd_cstr.c:fd_uint_align_up
FN:198,fd_cstr.c:fd_uint_blend
FN:199,fd_cstr.c:fd_uint_if
FN:200,fd_cstr.c:fd_uint_store_if
FN:201,fd_cstr.c:fd_uint_abs
FN:202,fd_cstr.c:fd_uint_min
FN:203,fd_cstr.c:fd_uint_max
FN:204,fd_cstr.c:fd_uint_shift_left
FN:205,fd_cstr.c:fd_uint_shift_right
FN:206,fd_cstr.c:fd_uint_rotate_left
FN:207,fd_cstr.c:fd_uint_rotate_right
FN:173,fd_cstr.c:fd_ulong_is_pow2
FN:174,fd_cstr.c:fd_ulong_pow2
FN:175,fd_cstr.c:fd_ulong_mask_bit
FN:176,fd_cstr.c:fd_ulong_clear_bit
FN:177,fd_cstr.c:fd_ulong_set_bit
FN:178,fd_cstr.c:fd_ulong_flip_bit
FN:179,fd_cstr.c:fd_ulong_extract_bit
FN:180,fd_cstr.c:fd_ulong_insert_bit
FN:181,fd_cstr.c:fd_ulong_mask_lsb
FN:182,fd_cstr.c:fd_ulong_clear_lsb
FN:183,fd_cstr.c:fd_ulong_set_lsb
FN:184,fd_cstr.c:fd_ulong_flip_lsb
FN:185,fd_cstr.c:fd_ulong_extract_lsb
FN:186,fd_cstr.c:fd_ulong_insert_lsb
FN:187,fd_cstr.c:fd_ulong_mask
FN:188,fd_cstr.c:fd_ulong_clear
FN:189,fd_cstr.c:fd_ulong_set
FN:190,fd_cstr.c:fd_ulong_flip
FN:191,fd_cstr.c:fd_ulong_extract
FN:192,fd_cstr.c:fd_ulong_insert
FN:193,fd_cstr.c:fd_ulong_pop_lsb
FN:194,fd_cstr.c:fd_ulong_is_aligned
FN:195,fd_cstr.c:fd_ulong_alignment
FN:196,fd_cstr.c:fd_ulong_align_dn
FN:197,fd_cstr.c:fd_ulong_align_up
FN:198,fd_cstr.c:fd_ulong_blend
FN:200,fd_cstr.c:fd_ulong_store_if
FN:201,fd_cstr.c:fd_ulong_abs
FN:203,fd_cstr.c:fd_ulong_max
FN:204,fd_cstr.c:fd_ulong_shift_left
FN:205,fd_cstr.c:fd_ulong_shift_right
FN:206,fd_cstr.c:fd_ulong_rotate_left
FN:207,fd_cstr.c:fd_ulong_rotate_right
FN:173,fd_cstr.c:fd_uint128_is_pow2
FN:174,fd_cstr.c:fd_uint128_pow2
FN:175,fd_cstr.c:fd_uint128_mask_bit
FN:176,fd_cstr.c:fd_uint128_clear_bit
FN:177,fd_cstr.c:fd_uint128_set_bit
FN:178,fd_cstr.c:fd_uint128_flip_bit
FN:179,fd_cstr.c:fd_uint128_extract_bit
FN:180,fd_cstr.c:fd_uint128_insert_bit
FN:181,fd_cstr.c:fd_uint128_mask_lsb
FN:182,fd_cstr.c:fd_uint128_clear_lsb
FN:183,fd_cstr.c:fd_uint128_set_lsb
FN:184,fd_cstr.c:fd_uint128_flip_lsb
FN:185,fd_cstr.c:fd_uint128_extract_lsb
FN:186,fd_cstr.c:fd_uint128_insert_lsb
FN:187,fd_cstr.c:fd_uint128_mask
FN:188,fd_cstr.c:fd_uint128_clear
FN:189,fd_cstr.c:fd_uint128_set
FN:190,fd_cstr.c:fd_uint128_flip
FN:191,fd_cstr.c:fd_uint128_extract
FN:192,fd_cstr.c:fd_uint128_insert
FN:193,fd_cstr.c:fd_uint128_pop_lsb
FN:194,fd_cstr.c:fd_uint128_is_aligned
FN:195,fd_cstr.c:fd_uint128_alignment
FN:196,fd_cstr.c:fd_uint128_align_dn
FN:197,fd_cstr.c:fd_uint128_align_up
FN:198,fd_cstr.c:fd_uint128_blend
FN:199,fd_cstr.c:fd_uint128_if
FN:200,fd_cstr.c:fd_uint128_store_if
FN:201,fd_cstr.c:fd_uint128_abs
FN:202,fd_cstr.c:fd_uint128_min
FN:203,fd_cstr.c:fd_uint128_max
FN:204,fd_cstr.c:fd_uint128_shift_left
FN:205,fd_cstr.c:fd_uint128_shift_right
FN:206,fd_cstr.c:fd_uint128_rotate_left
FN:207,fd_cstr.c:fd_uint128_rotate_right
FN:220,fd_cstr.c:fd_uchar_popcnt
FN:221,fd_cstr.c:fd_ushort_popcnt
FN:222,fd_cstr.c:fd_uint_popcnt
FN:223,fd_cstr.c:fd_ulong_popcnt
FN:227,fd_cstr.c:fd_uint128_popcnt
FN:235,fd_cstr.c:fd_uchar_bswap
FN:236,fd_cstr.c:fd_ushort_bswap
FN:237,fd_cstr.c:fd_uint_bswap
FN:238,fd_cstr.c:fd_ulong_bswap
FN:242,fd_cstr.c:fd_uint128_bswap
FN:254,fd_cstr.c:fd_uchar_pow2_up
FN:265,fd_cstr.c:fd_uchar_pow2_dn
FN:276,fd_cstr.c:fd_ushort_pow2_up
FN:288,fd_cstr.c:fd_ushort_pow2_dn
FN:300,fd_cstr.c:fd_uint_pow2_up
FN:312,fd_cstr.c:fd_uint_pow2_dn
FN:324,fd_cstr.c:fd_ulong_pow2_up
FN:337,fd_cstr.c:fd_ulong_pow2_dn
FN:351,fd_cstr.c:fd_uint128_pow2_up
FN:365,fd_cstr.c:fd_uint128_pow2_dn
FN:403,fd_cstr.c:fd_schar_if
FN:404,fd_cstr.c:fd_schar_store_if
FN:405,fd_cstr.c:fd_schar_abs
FN:406,fd_cstr.c:fd_schar_min
FN:407,fd_cstr.c:fd_schar_max
FN:408,fd_cstr.c:fd_schar_shift_left
FN:409,fd_cstr.c:fd_schar_shift_right
FN:410,fd_cstr.c:fd_schar_rotate_left
FN:411,fd_cstr.c:fd_schar_rotate_right
FN:412,fd_cstr.c:fd_schar_zz_enc
FN:413,fd_cstr.c:fd_schar_zz_dec
FN:403,fd_cstr.c:fd_short_if
FN:404,fd_cstr.c:fd_short_store_if
FN:405,fd_cstr.c:fd_short_abs
FN:406,fd_cstr.c:fd_short_min
FN:407,fd_cstr.c:fd_short_max
FN:408,fd_cstr.c:fd_short_shift_left
FN:409,fd_cstr.c:fd_short_shift_right
FN:410,fd_cstr.c:fd_short_rotate_left
FN:411,fd_cstr.c:fd_short_rotate_right
FN:412,fd_cstr.c:fd_short_zz_enc
FN:413,fd_cstr.c:fd_short_zz_dec
FN:403,fd_cstr.c:fd_int_if
FN:404,fd_cstr.c:fd_int_store_if
FN:405,fd_cstr.c:fd_int_abs
FN:406,fd_cstr.c:fd_int_min
FN:407,fd_cstr.c:fd_int_max
FN:408,fd_cstr.c:fd_int_shift_left
FN:409,fd_cstr.c:fd_int_shift_right
FN:410,fd_cstr.c:fd_int_rotate_left
FN:411,fd_cstr.c:fd_int_rotate_right
FN:412,fd_cstr.c:fd_int_zz_enc
FN:413,fd_cstr.c:fd_int_zz_dec
FN:403,fd_cstr.c:fd_long_if
FN:404,fd_cstr.c:fd_long_store_if
FN:405,fd_cstr.c:fd_long_abs
FN:406,fd_cstr.c:fd_long_min
FN:407,fd_cstr.c:fd_long_max
FN:408,fd_cstr.c:fd_long_shift_left
FN:409,fd_cstr.c:fd_long_shift_right
FN:410,fd_cstr.c:fd_long_rotate_left
FN:411,fd_cstr.c:fd_long_rotate_right
FN:412,fd_cstr.c:fd_long_zz_enc
FN:413,fd_cstr.c:fd_long_zz_dec
FN:403,fd_cstr.c:fd_int128_if
FN:404,fd_cstr.c:fd_int128_store_if
FN:405,fd_cstr.c:fd_int128_abs
FN:406,fd_cstr.c:fd_int128_min
FN:407,fd_cstr.c:fd_int128_max
FN:408,fd_cstr.c:fd_int128_shift_left
FN:409,fd_cstr.c:fd_int128_shift_right
FN:410,fd_cstr.c:fd_int128_rotate_left
FN:411,fd_cstr.c:fd_int128_rotate_right
FN:412,fd_cstr.c:fd_int128_zz_enc
FN:413,fd_cstr.c:fd_int128_zz_dec
FN:432,fd_cstr.c:fd_char_if
FN:434,fd_cstr.c:fd_char_store_if
FN:446,fd_cstr.c:fd_uint_hash
FN:456,fd_cstr.c:fd_ulong_hash
FN:476,fd_cstr.c:fd_uint_hash_inverse
FN:486,fd_cstr.c:fd_ulong_hash_inverse
FN:500,fd_cstr.c:fd_uchar_base10_dig_cnt
FN:500,fd_cstr.c:fd_ushort_base10_dig_cnt
FN:500,fd_cstr.c:fd_uint_base10_dig_cnt
FN:500,fd_cstr.c:fd_ulong_base10_dig_cnt
FN:526,fd_cstr.c:fd_float_if
FN:527,fd_cstr.c:fd_float_store_if
FN:528,fd_cstr.c:fd_float_abs
FN:531,fd_cstr.c:fd_float_eq
FN:542,fd_cstr.c:fd_double_if
FN:543,fd_cstr.c:fd_double_store_if
FN:544,fd_cstr.c:fd_double_abs
FN:547,fd_cstr.c:fd_double_eq
FN:732,fd_cstr.c:fd_uchar_load_1
FN:734,fd_cstr.c:fd_ushort_load_1
FN:735,fd_cstr.c:fd_ushort_load_2
FN:737,fd_cstr.c:fd_uint_load_1
FN:738,fd_cstr.c:fd_uint_load_2
FN:739,fd_cstr.c:fd_uint_load_3
FN:740,fd_cstr.c:fd_uint_load_4
FN:742,fd_cstr.c:fd_ulong_load_1
FN:743,fd_cstr.c:fd_ulong_load_2
FN:744,fd_cstr.c:fd_ulong_load_3
FN:745,fd_cstr.c:fd_ulong_load_4
FN:746,fd_cstr.c:fd_ulong_load_5
FN:747,fd_cstr.c:fd_ulong_load_6
FN:748,fd_cstr.c:fd_ulong_load_7
FN:749,fd_cstr.c:fd_ulong_load_8
FN:758,fd_cstr.c:fd_uint_load_3_fast
FN:763,fd_cstr.c:fd_ulong_load_3_fast
FN:765,fd_cstr.c:fd_ulong_load_5_fast
FN:766,fd_cstr.c:fd_ulong_load_6_fast
FN:767,fd_cstr.c:fd_ulong_load_7_fast
FN:781,fd_cstr.c:fd_ulong_svw_enc_sz
FN:799,fd_cstr.c:fd_ulong_svw_enc
FN:820,fd_cstr.c:fd_ulong_svw_enc_fixed
FN:836,fd_cstr.c:fd_ulong_svw_dec_sz
FN:859,fd_cstr.c:fd_ulong_svw_dec_tail_sz
FN:884,fd_cstr.c:fd_ulong_svw_dec_fixed
FN:903,fd_cstr.c:fd_ulong_svw_dec
FN:918,fd_cstr.c:fd_ulong_svw_dec_tail
FN:194,fd_shmem_admin.c:fd_ulong_is_aligned
FN:173,fd_shmem_admin.c:fd_uchar_is_pow2
FN:174,fd_shmem_admin.c:fd_uchar_pow2
FN:175,fd_shmem_admin.c:fd_uchar_mask_bit
FN:176,fd_shmem_admin.c:fd_uchar_clear_bit
FN:177,fd_shmem_admin.c:fd_uchar_set_bit
FN:178,fd_shmem_admin.c:fd_uchar_flip_bit
FN:179,fd_shmem_admin.c:fd_uchar_extract_bit
FN:180,fd_shmem_admin.c:fd_uchar_insert_bit
FN:181,fd_shmem_admin.c:fd_uchar_mask_lsb
FN:182,fd_shmem_admin.c:fd_uchar_clear_lsb
FN:183,fd_shmem_admin.c:fd_uchar_set_lsb
FN:184,fd_shmem_admin.c:fd_uchar_flip_lsb
FN:185,fd_shmem_admin.c:fd_uchar_extract_lsb
FN:186,fd_shmem_admin.c:fd_uchar_insert_lsb
FN:187,fd_shmem_admin.c:fd_uchar_mask
FN:188,fd_shmem_admin.c:fd_uchar_clear
FN:189,fd_shmem_admin.c:fd_uchar_set
FN:190,fd_shmem_admin.c:fd_uchar_flip
FN:191,fd_shmem_admin.c:fd_uchar_extract
FN:192,fd_shmem_admin.c:fd_uchar_insert
FN:193,fd_shmem_admin.c:fd_uchar_pop_lsb
FN:194,fd_shmem_admin.c:fd_uchar_is_aligned
FN:195,fd_shmem_admin.c:fd_uchar_alignment
FN:196,fd_shmem_admin.c:fd_uchar_align_dn
FN:197,fd_shmem_admin.c:fd_uchar_align_up
FN:198,fd_shmem_admin.c:fd_uchar_blend
FN:199,fd_shmem_admin.c:fd_uchar_if
FN:200,fd_shmem_admin.c:fd_uchar_store_if
FN:201,fd_shmem_admin.c:fd_uchar_abs
FN:202,fd_shmem_admin.c:fd_uchar_min
FN:203,fd_shmem_admin.c:fd_uchar_max
FN:204,fd_shmem_admin.c:fd_uchar_shift_left
FN:205,fd_shmem_admin.c:fd_uchar_shift_right
FN:206,fd_shmem_admin.c:fd_uchar_rotate_left
FN:207,fd_shmem_admin.c:fd_uchar_rotate_right
FN:173,fd_shmem_admin.c:fd_ushort_is_pow2
FN:174,fd_shmem_admin.c:fd_ushort_pow2
FN:175,fd_shmem_admin.c:fd_ushort_mask_bit
FN:176,fd_shmem_admin.c:fd_ushort_clear_bit
FN:177,fd_shmem_admin.c:fd_ushort_set_bit
FN:178,fd_shmem_admin.c:fd_ushort_flip_bit
FN:179,fd_shmem_admin.c:fd_ushort_extract_bit
FN:180,fd_shmem_admin.c:fd_ushort_insert_bit
FN:181,fd_shmem_admin.c:fd_ushort_mask_lsb
FN:182,fd_shmem_admin.c:fd_ushort_clear_lsb
FN:183,fd_shmem_admin.c:fd_ushort_set_lsb
FN:184,fd_shmem_admin.c:fd_ushort_flip_lsb
FN:185,fd_shmem_admin.c:fd_ushort_extract_lsb
FN:186,fd_shmem_admin.c:fd_ushort_insert_lsb
FN:187,fd_shmem_admin.c:fd_ushort_mask
FN:188,fd_shmem_admin.c:fd_ushort_clear
FN:189,fd_shmem_admin.c:fd_ushort_set
FN:190,fd_shmem_admin.c:fd_ushort_flip
FN:191,fd_shmem_admin.c:fd_ushort_extract
FN:192,fd_shmem_admin.c:fd_ushort_insert
FN:193,fd_shmem_admin.c:fd_ushort_pop_lsb
FN:194,fd_shmem_admin.c:fd_ushort_is_aligned
FN:195,fd_shmem_admin.c:fd_ushort_alignment
FN:196,fd_shmem_admin.c:fd_ushort_align_dn
FN:197,fd_shmem_admin.c:fd_ushort_align_up
FN:198,fd_shmem_admin.c:fd_ushort_blend
FN:199,fd_shmem_admin.c:fd_ushort_if
FN:200,fd_shmem_admin.c:fd_ushort_store_if
FN:201,fd_shmem_admin.c:fd_ushort_abs
FN:202,fd_shmem_admin.c:fd_ushort_min
FN:203,fd_shmem_admin.c:fd_ushort_max
FN:204,fd_shmem_admin.c:fd_ushort_shift_left
FN:205,fd_shmem_admin.c:fd_ushort_shift_right
FN:206,fd_shmem_admin.c:fd_ushort_rotate_left
FN:207,fd_shmem_admin.c:fd_ushort_rotate_right
FN:173,fd_shmem_admin.c:fd_uint_is_pow2
FN:174,fd_shmem_admin.c:fd_uint_pow2
FN:175,fd_shmem_admin.c:fd_uint_mask_bit
FN:176,fd_shmem_admin.c:fd_uint_clear_bit
FN:177,fd_shmem_admin.c:fd_uint_set_bit
FN:178,fd_shmem_admin.c:fd_uint_flip_bit
FN:179,fd_shmem_admin.c:fd_uint_extract_bit
FN:180,fd_shmem_admin.c:fd_uint_insert_bit
FN:181,fd_shmem_admin.c:fd_uint_mask_lsb
FN:182,fd_shmem_admin.c:fd_uint_clear_lsb
FN:183,fd_shmem_admin.c:fd_uint_set_lsb
FN:184,fd_shmem_admin.c:fd_uint_flip_lsb
FN:185,fd_shmem_admin.c:fd_uint_extract_lsb
FN:186,fd_shmem_admin.c:fd_uint_insert_lsb
FN:187,fd_shmem_admin.c:fd_uint_mask
FN:188,fd_shmem_admin.c:fd_uint_clear
FN:189,fd_shmem_admin.c:fd_uint_set
FN:190,fd_shmem_admin.c:fd_uint_flip
FN:191,fd_shmem_admin.c:fd_uint_extract
FN:192,fd_shmem_admin.c:fd_uint_insert
FN:193,fd_shmem_admin.c:fd_uint_pop_lsb
FN:194,fd_shmem_admin.c:fd_uint_is_aligned
FN:195,fd_shmem_admin.c:fd_uint_alignment
FN:196,fd_shmem_admin.c:fd_uint_align_dn
FN:197,fd_shmem_admin.c:fd_uint_align_up
FN:198,fd_shmem_admin.c:fd_uint_blend
FN:199,fd_shmem_admin.c:fd_uint_if
FN:200,fd_shmem_admin.c:fd_uint_store_if
FN:201,fd_shmem_admin.c:fd_uint_abs
FN:202,fd_shmem_admin.c:fd_uint_min
FN:203,fd_shmem_admin.c:fd_uint_max
FN:204,fd_shmem_admin.c:fd_uint_shift_left
FN:205,fd_shmem_admin.c:fd_uint_shift_right
FN:206,fd_shmem_admin.c:fd_uint_rotate_left
FN:207,fd_shmem_admin.c:fd_uint_rotate_right
FN:173,fd_shmem_admin.c:fd_ulong_is_pow2
FN:174,fd_shmem_admin.c:fd_ulong_pow2
FN:175,fd_shmem_admin.c:fd_ulong_mask_bit
FN:176,fd_shmem_admin.c:fd_ulong_clear_bit
FN:177,fd_shmem_admin.c:fd_ulong_set_bit
FN:178,fd_shmem_admin.c:fd_ulong_flip_bit
FN:179,fd_shmem_admin.c:fd_ulong_extract_bit
FN:180,fd_shmem_admin.c:fd_ulong_insert_bit
FN:181,fd_shmem_admin.c:fd_ulong_mask_lsb
FN:182,fd_shmem_admin.c:fd_ulong_clear_lsb
FN:183,fd_shmem_admin.c:fd_ulong_set_lsb
FN:184,fd_shmem_admin.c:fd_ulong_flip_lsb
FN:185,fd_shmem_admin.c:fd_ulong_extract_lsb
FN:186,fd_shmem_admin.c:fd_ulong_insert_lsb
FN:187,fd_shmem_admin.c:fd_ulong_mask
FN:188,fd_shmem_admin.c:fd_ulong_clear
FN:189,fd_shmem_admin.c:fd_ulong_set
FN:190,fd_shmem_admin.c:fd_ulong_flip
FN:191,fd_shmem_admin.c:fd_ulong_extract
FN:192,fd_shmem_admin.c:fd_ulong_insert
FN:193,fd_shmem_admin.c:fd_ulong_pop_lsb
FN:195,fd_shmem_admin.c:fd_ulong_alignment
FN:196,fd_shmem_admin.c:fd_ulong_align_dn
FN:197,fd_shmem_admin.c:fd_ulong_align_up
FN:198,fd_shmem_admin.c:fd_ulong_blend
FN:199,fd_shmem_admin.c:fd_ulong_if
FN:200,fd_shmem_admin.c:fd_ulong_store_if
FN:201,fd_shmem_admin.c:fd_ulong_abs
FN:202,fd_shmem_admin.c:fd_ulong_min
FN:203,fd_shmem_admin.c:fd_ulong_max
FN:204,fd_shmem_admin.c:fd_ulong_shift_left
FN:205,fd_shmem_admin.c:fd_ulong_shift_right
FN:206,fd_shmem_admin.c:fd_ulong_rotate_left
FN:207,fd_shmem_admin.c:fd_ulong_rotate_right
FN:173,fd_shmem_admin.c:fd_uint128_is_pow2
FN:174,fd_shmem_admin.c:fd_uint128_pow2
FN:175,fd_shmem_admin.c:fd_uint128_mask_bit
FN:176,fd_shmem_admin.c:fd_uint128_clear_bit
FN:177,fd_shmem_admin.c:fd_uint128_set_bit
FN:178,fd_shmem_admin.c:fd_uint128_flip_bit
FN:179,fd_shmem_admin.c:fd_uint128_extract_bit
FN:180,fd_shmem_admin.c:fd_uint128_insert_bit
FN:181,fd_shmem_admin.c:fd_uint128_mask_lsb
FN:182,fd_shmem_admin.c:fd_uint128_clear_lsb
FN:183,fd_shmem_admin.c:fd_uint128_set_lsb
FN:184,fd_shmem_admin.c:fd_uint128_flip_lsb
FN:185,fd_shmem_admin.c:fd_uint128_extract_lsb
FN:186,fd_shmem_admin.c:fd_uint128_insert_lsb
FN:187,fd_shmem_admin.c:fd_uint128_mask
FN:188,fd_shmem_admin.c:fd_uint128_clear
FN:189,fd_shmem_admin.c:fd_uint128_set
FN:190,fd_shmem_admin.c:fd_uint128_flip
FN:191,fd_shmem_admin.c:fd_uint128_extract
FN:192,fd_shmem_admin.c:fd_uint128_insert
FN:193,fd_shmem_admin.c:fd_uint128_pop_lsb
FN:194,fd_shmem_admin.c:fd_uint128_is_aligned
FN:195,fd_shmem_admin.c:fd_uint128_alignment
FN:196,fd_shmem_admin.c:fd_uint128_align_dn
FN:197,fd_shmem_admin.c:fd_uint128_align_up
FN:198,fd_shmem_admin.c:fd_uint128_blend
FN:199,fd_shmem_admin.c:fd_uint128_if
FN:200,fd_shmem_admin.c:fd_uint128_store_if
FN:201,fd_shmem_admin.c:fd_uint128_abs
FN:202,fd_shmem_admin.c:fd_uint128_min
FN:203,fd_shmem_admin.c:fd_uint128_max
FN:204,fd_shmem_admin.c:fd_uint128_shift_left
FN:205,fd_shmem_admin.c:fd_uint128_shift_right
FN:206,fd_shmem_admin.c:fd_uint128_rotate_left
FN:207,fd_shmem_admin.c:fd_uint128_rotate_right
FN:220,fd_shmem_admin.c:fd_uchar_popcnt
FN:221,fd_shmem_admin.c:fd_ushort_popcnt
FN:222,fd_shmem_admin.c:fd_uint_popcnt
FN:223,fd_shmem_admin.c:fd_ulong_popcnt
FN:227,fd_shmem_admin.c:fd_uint128_popcnt
FN:235,fd_shmem_admin.c:fd_uchar_bswap
FN:236,fd_shmem_admin.c:fd_ushort_bswap
FN:237,fd_shmem_admin.c:fd_uint_bswap
FN:238,fd_shmem_admin.c:fd_ulong_bswap
FN:242,fd_shmem_admin.c:fd_uint128_bswap
FN:254,fd_shmem_admin.c:fd_uchar_pow2_up
FN:265,fd_shmem_admin.c:fd_uchar_pow2_dn
FN:276,fd_shmem_admin.c:fd_ushort_pow2_up
FN:288,fd_shmem_admin.c:fd_ushort_pow2_dn
FN:300,fd_shmem_admin.c:fd_uint_pow2_up
FN:312,fd_shmem_admin.c:fd_uint_pow2_dn
FN:324,fd_shmem_admin.c:fd_ulong_pow2_up
FN:337,fd_shmem_admin.c:fd_ulong_pow2_dn
FN:351,fd_shmem_admin.c:fd_uint128_pow2_up
FN:365,fd_shmem_admin.c:fd_uint128_pow2_dn
FN:403,fd_shmem_admin.c:fd_schar_if
FN:404,fd_shmem_admin.c:fd_schar_store_if
FN:405,fd_shmem_admin.c:fd_schar_abs
FN:406,fd_shmem_admin.c:fd_schar_min
[...]
FNDA:0,fuzz_pcap.c:fd_sort_up_int_stable_scratch_footprint
FNDA:0,fuzz_pcap.c:fd_sort_up_int_stable_fast
FNDA:0,fuzz_pcap.c:fd_sort_up_int_stable
FNDA:0,fuzz_pcap.c:fd_sort_up_int_inplace
FNDA:0,fuzz_pcap.c:fd_sort_up_int_select
FNDA:0,fuzz_pcap.c:fd_sort_up_long_stable_cnt_valid
FNDA:0,fuzz_pcap.c:fd_sort_up_long_stable_scratch_align
FNDA:0,fuzz_pcap.c:fd_sort_up_long_stable_scratch_footprint
FNDA:0,fuzz_pcap.c:fd_sort_up_long_stable_fast
FNDA:0,fuzz_pcap.c:fd_sort_up_long_stable
FNDA:0,fuzz_pcap.c:fd_sort_up_long_inplace
FNDA:0,fuzz_pcap.c:fd_sort_up_long_select
FNDA:0,fuzz_pcap.c:fd_sort_up_uchar_stable_cnt_valid
FNDA:0,fuzz_pcap.c:fd_sort_up_uchar_stable_scratch_align
FNDA:0,fuzz_pcap.c:fd_sort_up_uchar_stable_scratch_footprint
FNDA:0,fuzz_pcap.c:fd_sort_up_uchar_stable_fast
FNDA:0,fuzz_pcap.c:fd_sort_up_uchar_stable
FNDA:0,fuzz_pcap.c:fd_sort_up_uchar_inplace
FNDA:0,fuzz_pcap.c:fd_sort_up_uchar_select
FNDA:0,fuzz_pcap.c:fd_sort_up_ushort_stable_cnt_valid
FNDA:0,fuzz_pcap.c:fd_sort_up_ushort_stable_scratch_align
FNDA:0,fuzz_pcap.c:fd_sort_up_ushort_stable_scratch_footprint
FNDA:0,fuzz_pcap.c:fd_sort_up_ushort_stable_fast
FNDA:0,fuzz_pcap.c:fd_sort_up_ushort_stable
FNDA:0,fuzz_pcap.c:fd_sort_up_ushort_inplace
FNDA:0,fuzz_pcap.c:fd_sort_up_ushort_select
FNDA:0,fuzz_pcap.c:fd_sort_up_uint_stable_cnt_valid
FNDA:0,fuzz_pcap.c:fd_sort_up_uint_stable_scratch_align
FNDA:0,fuzz_pcap.c:fd_sort_up_uint_stable_scratch_footprint
FNDA:0,fuzz_pcap.c:fd_sort_up_uint_stable_fast
FNDA:0,fuzz_pcap.c:fd_sort_up_uint_stable
FNDA:0,fuzz_pcap.c:fd_sort_up_uint_inplace
FNDA:0,fuzz_pcap.c:fd_sort_up_uint_select
FNDA:0,fuzz_pcap.c:fd_sort_up_ulong_stable_cnt_valid
FNDA:0,fuzz_pcap.c:fd_sort_up_ulong_stable_scratch_align
FNDA:0,fuzz_pcap.c:fd_sort_up_ulong_stable_scratch_footprint
FNDA:0,fuzz_pcap.c:fd_sort_up_ulong_stable_fast
FNDA:0,fuzz_pcap.c:fd_sort_up_ulong_stable
FNDA:0,fuzz_pcap.c:fd_sort_up_ulong_inplace
FNDA:0,fuzz_pcap.c:fd_sort_up_ulong_select
FNDA:0,fuzz_pcap.c:fd_sort_up_int128_stable_cnt_valid
FNDA:0,fuzz_pcap.c:fd_sort_up_int128_stable_scratch_align
FNDA:0,fuzz_pcap.c:fd_sort_up_int128_stable_scratch_footprint
FNDA:0,fuzz_pcap.c:fd_sort_up_int128_stable_fast
FNDA:0,fuzz_pcap.c:fd_sort_up_int128_stable
FNDA:0,fuzz_pcap.c:fd_sort_up_int128_inplace
FNDA:0,fuzz_pcap.c:fd_sort_up_int128_select
FNDA:0,fuzz_pcap.c:fd_sort_up_uint128_stable_cnt_valid
FNDA:0,fuzz_pcap.c:fd_sort_up_uint128_stable_scratch_align
FNDA:0,fuzz_pcap.c:fd_sort_up_uint128_stable_scratch_footprint
FNDA:0,fuzz_pcap.c:fd_sort_up_uint128_stable_fast
FNDA:0,fuzz_pcap.c:fd_sort_up_uint128_stable
FNDA:0,fuzz_pcap.c:fd_sort_up_uint128_inplace
FNDA:0,fuzz_pcap.c:fd_sort_up_uint128_select
FNDA:0,fuzz_pcap.c:fd_sort_up_float_stable_cnt_valid
FNDA:0,fuzz_pcap.c:fd_sort_up_float_stable_scratch_align
FNDA:0,fuzz_pcap.c:fd_sort_up_float_stable_scratch_footprint
FNDA:0,fuzz_pcap.c:fd_sort_up_float_stable_fast
FNDA:0,fuzz_pcap.c:fd_sort_up_float_stable
FNDA:0,fuzz_pcap.c:fd_sort_up_float_inplace
FNDA:0,fuzz_pcap.c:fd_sort_up_float_select
FNDA:0,fuzz_pcap.c:fd_sort_up_double_stable_cnt_valid
FNDA:0,fuzz_pcap.c:fd_sort_up_double_stable_scratch_align
FNDA:0,fuzz_pcap.c:fd_sort_up_double_stable_scratch_footprint
FNDA:0,fuzz_pcap.c:fd_sort_up_double_stable_fast
FNDA:0,fuzz_pcap.c:fd_sort_up_double_stable
FNDA:0,fuzz_pcap.c:fd_sort_up_double_inplace
FNDA:0,fuzz_pcap.c:fd_sort_up_double_select
FNDA:0,fuzz_pcap.c:fd_sort_dn_schar_stable_cnt_valid
FNDA:0,fuzz_pcap.c:fd_sort_dn_schar_stable_scratch_align
FNDA:0,fuzz_pcap.c:fd_sort_dn_schar_stable_scratch_footprint
FNDA:0,fuzz_pcap.c:fd_sort_dn_schar_stable_fast
FNDA:0,fuzz_pcap.c:fd_sort_dn_schar_stable
FNDA:0,fuzz_pcap.c:fd_sort_dn_schar_inplace
FNDA:0,fuzz_pcap.c:fd_sort_dn_schar_select
FNDA:0,fuzz_pcap.c:fd_sort_dn_short_stable_cnt_valid
FNDA:0,fuzz_pcap.c:fd_sort_dn_short_stable_scratch_align
FNDA:0,fuzz_pcap.c:fd_sort_dn_short_stable_scratch_footprint
FNDA:0,fuzz_pcap.c:fd_sort_dn_short_stable_fast
FNDA:0,fuzz_pcap.c:fd_sort_dn_short_stable
FNDA:0,fuzz_pcap.c:fd_sort_dn_short_inplace
FNDA:0,fuzz_pcap.c:fd_sort_dn_short_select
FNDA:0,fuzz_pcap.c:fd_sort_dn_int_stable_cnt_valid
FNDA:0,fuzz_pcap.c:fd_sort_dn_int_stable_scratch_align
FNDA:0,fuzz_pcap.c:fd_sort_dn_int_stable_scratch_footprint
FNDA:0,fuzz_pcap.c:fd_sort_dn_int_stable_fast
FNDA:0,fuzz_pcap.c:fd_sort_dn_int_stable
FNDA:0,fuzz_pcap.c:fd_sort_dn_int_inplace
FNDA:0,fuzz_pcap.c:fd_sort_dn_int_select
FNDA:0,fuzz_pcap.c:fd_sort_dn_long_stable_cnt_valid
FNDA:0,fuzz_pcap.c:fd_sort_dn_long_stable_scratch_align
FNDA:0,fuzz_pcap.c:fd_sort_dn_long_stable_scratch_footprint
FNDA:0,fuzz_pcap.c:fd_sort_dn_long_stable_fast
FNDA:0,fuzz_pcap.c:fd_sort_dn_long_stable
FNDA:0,fuzz_pcap.c:fd_sort_dn_long_inplace
FNDA:0,fuzz_pcap.c:fd_sort_dn_long_select
FNDA:0,fuzz_pcap.c:fd_sort_dn_uchar_stable_cnt_valid
FNDA:0,fuzz_pcap.c:fd_sort_dn_uchar_stable_scratch_align
FNDA:0,fuzz_pcap.c:fd_sort_dn_uchar_stable_scratch_footprint
FNDA:0,fuzz_pcap.c:fd_sort_dn_uchar_stable_fast
FNDA:0,fuzz_pcap.c:fd_sort_dn_uchar_stable
FNDA:0,fuzz_pcap.c:fd_sort_dn_uchar_inplace
FNDA:0,fuzz_pcap.c:fd_sort_dn_uchar_select
FNDA:0,fuzz_pcap.c:fd_sort_dn_ushort_stable_cnt_valid
FNDA:0,fuzz_pcap.c:fd_sort_dn_ushort_stable_scratch_align
FNDA:0,fuzz_pcap.c:fd_sort_dn_ushort_stable_scratch_footprint
FNDA:0,fuzz_pcap.c:fd_sort_dn_ushort_stable_fast
FNDA:0,fuzz_pcap.c:fd_sort_dn_ushort_stable
FNDA:0,fuzz_pcap.c:fd_sort_dn_ushort_inplace
FNDA:0,fuzz_pcap.c:fd_sort_dn_ushort_select
FNDA:0,fuzz_pcap.c:fd_sort_dn_uint_stable_cnt_valid
FNDA:0,fuzz_pcap.c:fd_sort_dn_uint_stable_scratch_align
FNDA:0,fuzz_pcap.c:fd_sort_dn_uint_stable_scratch_footprint
FNDA:0,fuzz_pcap.c:fd_sort_dn_uint_stable_fast
FNDA:0,fuzz_pcap.c:fd_sort_dn_uint_stable
FNDA:0,fuzz_pcap.c:fd_sort_dn_uint_inplace
FNDA:0,fuzz_pcap.c:fd_sort_dn_uint_select
FNDA:0,fuzz_pcap.c:fd_sort_dn_ulong_stable_cnt_valid
FNDA:0,fuzz_pcap.c:fd_sort_dn_ulong_stable_scratch_align
FNDA:0,fuzz_pcap.c:fd_sort_dn_ulong_stable_scratch_footprint
FNDA:0,fuzz_pcap.c:fd_sort_dn_ulong_stable_fast
FNDA:0,fuzz_pcap.c:fd_sort_dn_ulong_stable
FNDA:0,fuzz_pcap.c:fd_sort_dn_ulong_inplace
FNDA:0,fuzz_pcap.c:fd_sort_dn_ulong_select
FNDA:0,fuzz_pcap.c:fd_sort_dn_int128_stable_cnt_valid
FNDA:0,fuzz_pcap.c:fd_sort_dn_int128_stable_scratch_align
FNDA:0,fuzz_pcap.c:fd_sort_dn_int128_stable_scratch_footprint
FNDA:0,fuzz_pcap.c:fd_sort_dn_int128_stable_fast
FNDA:0,fuzz_pcap.c:fd_sort_dn_int128_stable
FNDA:0,fuzz_pcap.c:fd_sort_dn_int128_inplace
FNDA:0,fuzz_pcap.c:fd_sort_dn_int128_select
FNDA:0,fuzz_pcap.c:fd_sort_dn_uint128_stable_cnt_valid
FNDA:0,fuzz_pcap.c:fd_sort_dn_uint128_stable_scratch_align
FNDA:0,fuzz_pcap.c:fd_sort_dn_uint128_stable_scratch_footprint
FNDA:0,fuzz_pcap.c:fd_sort_dn_uint128_stable_fast
FNDA:0,fuzz_pcap.c:fd_sort_dn_uint128_stable
FNDA:0,fuzz_pcap.c:fd_sort_dn_uint128_inplace
FNDA:0,fuzz_pcap.c:fd_sort_dn_uint128_select
FNDA:0,fuzz_pcap.c:fd_sort_dn_float_stable_cnt_valid
FNDA:0,fuzz_pcap.c:fd_sort_dn_float_stable_scratch_align
FNDA:0,fuzz_pcap.c:fd_sort_dn_float_stable_scratch_footprint
FNDA:0,fuzz_pcap.c:fd_sort_dn_float_stable_fast
FNDA:0,fuzz_pcap.c:fd_sort_dn_float_stable
FNDA:0,fuzz_pcap.c:fd_sort_dn_float_inplace
FNDA:0,fuzz_pcap.c:fd_sort_dn_float_select
FNDA:0,fuzz_pcap.c:fd_sort_dn_double_stable_cnt_valid
FNDA:0,fuzz_pcap.c:fd_sort_dn_double_stable_scratch_align
FNDA:0,fuzz_pcap.c:fd_sort_dn_double_stable_scratch_footprint
FNDA:0,fuzz_pcap.c:fd_sort_dn_double_stable_fast
FNDA:0,fuzz_pcap.c:fd_sort_dn_double_stable
FNDA:0,fuzz_pcap.c:fd_sort_dn_double_inplace
FNDA:0,fuzz_pcap.c:fd_sort_dn_double_select
FNDA:0,fd_util.c:fd_sort_up_schar_stable_cnt_valid
FNDA:0,fd_util.c:fd_sort_up_schar_stable_scratch_align
FNDA:0,fd_util.c:fd_sort_up_schar_stable_scratch_footprint
FNDA:0,fd_util.c:fd_sort_up_schar_stable_fast
FNDA:0,fd_util.c:fd_sort_up_schar_stable
FNDA:0,fd_util.c:fd_sort_up_schar_inplace
FNDA:0,fd_util.c:fd_sort_up_schar_select
FNDA:0,fd_util.c:fd_sort_up_short_stable_cnt_valid
FNDA:0,fd_util.c:fd_sort_up_short_stable_scratch_align
FNDA:0,fd_util.c:fd_sort_up_short_stable_scratch_footprint
FNDA:0,fd_util.c:fd_sort_up_short_stable_fast
FNDA:0,fd_util.c:fd_sort_up_short_stable
FNDA:0,fd_util.c:fd_sort_up_short_inplace
FNDA:0,fd_util.c:fd_sort_up_short_select
FNDA:0,fd_util.c:fd_sort_up_int_stable_cnt_valid
FNDA:0,fd_util.c:fd_sort_up_int_stable_scratch_align
FNDA:0,fd_util.c:fd_sort_up_int_stable_scratch_footprint
FNDA:0,fd_util.c:fd_sort_up_int_stable_fast
FNDA:0,fd_util.c:fd_sort_up_int_stable
FNDA:0,fd_util.c:fd_sort_up_int_inplace
FNDA:0,fd_util.c:fd_sort_up_int_select
FNDA:0,fd_util.c:fd_sort_up_long_stable_cnt_valid
FNDA:0,fd_util.c:fd_sort_up_long_stable_scratch_align
FNDA:0,fd_util.c:fd_sort_up_long_stable_scratch_footprint
FNDA:0,fd_util.c:fd_sort_up_long_stable_fast
FNDA:0,fd_util.c:fd_sort_up_long_stable
FNDA:0,fd_util.c:fd_sort_up_long_inplace
FNDA:0,fd_util.c:fd_sort_up_long_select
FNDA:0,fd_util.c:fd_sort_up_uchar_stable_cnt_valid
FNDA:0,fd_util.c:fd_sort_up_uchar_stable_scratch_align
FNDA:0,fd_util.c:fd_sort_up_uchar_stable_scratch_footprint
FNDA:0,fd_util.c:fd_sort_up_uchar_stable_fast
FNDA:0,fd_util.c:fd_sort_up_uchar_stable
FNDA:0,fd_util.c:fd_sort_up_uchar_inplace
FNDA:0,fd_util.c:fd_sort_up_uchar_select
FNDA:0,fd_util.c:fd_sort_up_ushort_stable_cnt_valid
FNDA:0,fd_util.c:fd_sort_up_ushort_stable_scratch_align
FNDA:0,fd_util.c:fd_sort_up_ushort_stable_scratch_footprint
FNDA:0,fd_util.c:fd_sort_up_ushort_stable_fast
FNDA:0,fd_util.c:fd_sort_up_ushort_stable
FNDA:0,fd_util.c:fd_sort_up_ushort_inplace
FNDA:0,fd_util.c:fd_sort_up_ushort_select
FNDA:0,fd_util.c:fd_sort_up_uint_stable_cnt_valid
FNDA:0,fd_util.c:fd_sort_up_uint_stable_scratch_align
FNDA:0,fd_util.c:fd_sort_up_uint_stable_scratch_footprint
FNDA:0,fd_util.c:fd_sort_up_uint_stable_fast
FNDA:0,fd_util.c:fd_sort_up_uint_stable
FNDA:0,fd_util.c:fd_sort_up_uint_inplace
FNDA:0,fd_util.c:fd_sort_up_uint_select
FNDA:0,fd_util.c:fd_sort_up_ulong_stable_cnt_valid
FNDA:0,fd_util.c:fd_sort_up_ulong_stable_scratch_align
FNDA:0,fd_util.c:fd_sort_up_ulong_stable_scratch_footprint
FNDA:0,fd_util.c:fd_sort_up_ulong_stable_fast
FNDA:0,fd_util.c:fd_sort_up_ulong_stable
FNDA:0,fd_util.c:fd_sort_up_ulong_inplace
FNDA:0,fd_util.c:fd_sort_up_ulong_select
FNDA:0,fd_util.c:fd_sort_up_int128_stable_cnt_valid
FNDA:0,fd_util.c:fd_sort_up_int128_stable_scratch_align
FNDA:0,fd_util.c:fd_sort_up_int128_stable_scratch_footprint
FNDA:0,fd_util.c:fd_sort_up_int128_stable_fast
FNDA:0,fd_util.c:fd_sort_up_int128_stable
FNDA:0,fd_util.c:fd_sort_up_int128_inplace
FNDA:0,fd_util.c:fd_sort_up_int128_select
FNDA:0,fd_util.c:fd_sort_up_uint128_stable_cnt_valid
FNDA:0,fd_util.c:fd_sort_up_uint128_stable_scratch_align
FNDA:0,fd_util.c:fd_sort_up_uint128_stable_scratch_footprint
FNDA:0,fd_util.c:fd_sort_up_uint128_stable_fast
FNDA:0,fd_util.c:fd_sort_up_uint128_stable
FNDA:0,fd_util.c:fd_sort_up_uint128_inplace
FNDA:0,fd_util.c:fd_sort_up_uint128_select
FNDA:0,fd_util.c:fd_sort_up_float_stable_cnt_valid
FNDA:0,fd_util.c:fd_sort_up_float_stable_scratch_align
FNDA:0,fd_util.c:fd_sort_up_float_stable_scratch_footprint
FNDA:0,fd_util.c:fd_sort_up_float_stable_fast
FNDA:0,fd_util.c:fd_sort_up_float_stable
FNDA:0,fd_util.c:fd_sort_up_float_inplace
FNDA:0,fd_util.c:fd_sort_up_float_select
FNDA:0,fd_util.c:fd_sort_up_double_stable_cnt_valid
FNDA:0,fd_util.c:fd_sort_up_double_stable_scratch_align
FNDA:0,fd_util.c:fd_sort_up_double_stable_scratch_footprint
FNDA:0,fd_util.c:fd_sort_up_double_stable_fast
FNDA:0,fd_util.c:fd_sort_up_double_stable
FNDA:0,fd_util.c:fd_sort_up_double_inplace
FNDA:0,fd_util.c:fd_sort_up_double_select
FNDA:0,fd_util.c:fd_sort_dn_schar_stable_cnt_valid
FNDA:0,fd_util.c:fd_sort_dn_schar_stable_scratch_align
FNDA:0,fd_util.c:fd_sort_dn_schar_stable_scratch_footprint
FNDA:0,fd_util.c:fd_sort_dn_schar_stable_fast
FNDA:0,fd_util.c:fd_sort_dn_schar_stable
FNDA:0,fd_util.c:fd_sort_dn_schar_inplace
FNDA:0,fd_util.c:fd_sort_dn_schar_select
FNDA:0,fd_util.c:fd_sort_dn_short_stable_cnt_valid
FNDA:0,fd_util.c:fd_sort_dn_short_stable_scratch_align
FNDA:0,fd_util.c:fd_sort_dn_short_stable_scratch_footprint
FNDA:0,fd_util.c:fd_sort_dn_short_stable_fast
FNDA:0,fd_util.c:fd_sort_dn_short_stable
FNDA:0,fd_util.c:fd_sort_dn_short_inplace
FNDA:0,fd_util.c:fd_sort_dn_short_select
FNDA:0,fd_util.c:fd_sort_dn_int_stable_cnt_valid
FNDA:0,fd_util.c:fd_sort_dn_int_stable_scratch_align
FNDA:0,fd_util.c:fd_sort_dn_int_stable_scratch_footprint
FNDA:0,fd_util.c:fd_sort_dn_int_stable_fast
FNDA:0,fd_util.c:fd_sort_dn_int_stable
FNDA:0,fd_util.c:fd_sort_dn_int_inplace
FNDA:0,fd_util.c:fd_sort_dn_int_select
FNDA:0,fd_util.c:fd_sort_dn_long_stable_cnt_valid
FNDA:0,fd_util.c:fd_sort_dn_long_stable_scratch_align
FNDA:0,fd_util.c:fd_sort_dn_long_stable_scratch_footprint
FNDA:0,fd_util.c:fd_sort_dn_long_stable_fast
FNDA:0,fd_util.c:fd_sort_dn_long_stable
FNDA:0,fd_util.c:fd_sort_dn_long_inplace
FNDA:0,fd_util.c:fd_sort_dn_long_select
FNDA:0,fd_util.c:fd_sort_dn_uchar_stable_cnt_valid
FNDA:0,fd_util.c:fd_sort_dn_uchar_stable_scratch_align
FNDA:0,fd_util.c:fd_sort_dn_uchar_stable_scratch_footprint
FNDA:0,fd_util.c:fd_sort_dn_uchar_stable_fast
FNDA:0,fd_util.c:fd_sort_dn_uchar_stable
FNDA:0,fd_util.c:fd_sort_dn_uchar_inplace
FNDA:0,fd_util.c:fd_sort_dn_uchar_select
FNDA:0,fd_util.c:fd_sort_dn_ushort_stable_cnt_valid
FNDA:0,fd_util.c:fd_sort_dn_ushort_stable_scratch_align
FNDA:0,fd_util.c:fd_sort_dn_ushort_stable_scratch_footprint
FNDA:0,fd_util.c:fd_sort_dn_ushort_stable_fast
FNDA:0,fd_util.c:fd_sort_dn_ushort_stable
FNDA:0,fd_util.c:fd_sort_dn_ushort_inplace
FNDA:0,fd_util.c:fd_sort_dn_ushort_select
FNDA:0,fd_util.c:fd_sort_dn_uint_stable_cnt_valid
FNDA:0,fd_util.c:fd_sort_dn_uint_stable_scratch_align
FNDA:0,fd_util.c:fd_sort_dn_uint_stable_scratch_footprint
FNDA:0,fd_util.c:fd_sort_dn_uint_stable_fast
FNDA:0,fd_util.c:fd_sort_dn_uint_stable
FNDA:0,fd_util.c:fd_sort_dn_uint_inplace
FNDA:0,fd_util.c:fd_sort_dn_uint_select
FNDA:0,fd_util.c:fd_sort_dn_ulong_stable_cnt_valid
FNDA:0,fd_util.c:fd_sort_dn_ulong_stable_scratch_align
FNDA:0,fd_util.c:fd_sort_dn_ulong_stable_scratch_footprint
FNDA:0,fd_util.c:fd_sort_dn_ulong_stable_fast
FNDA:0,fd_util.c:fd_sort_dn_ulong_stable
FNDA:0,fd_util.c:fd_sort_dn_ulong_inplace
FNDA:0,fd_util.c:fd_sort_dn_ulong_select
FNDA:0,fd_util.c:fd_sort_dn_int128_stable_cnt_valid
FNDA:0,fd_util.c:fd_sort_dn_int128_stable_scratch_align
FNDA:0,fd_util.c:fd_sort_dn_int128_stable_scratch_footprint
FNDA:0,fd_util.c:fd_sort_dn_int128_stable_fast
FNDA:0,fd_util.c:fd_sort_dn_int128_stable
FNDA:0,fd_util.c:fd_sort_dn_int128_inplace
FNDA:0,fd_util.c:fd_sort_dn_int128_select
FNDA:0,fd_util.c:fd_sort_dn_uint128_stable_cnt_valid
FNDA:0,fd_util.c:fd_sort_dn_uint128_stable_scratch_align
FNDA:0,fd_util.c:fd_sort_dn_uint128_stable_scratch_footprint
FNDA:0,fd_util.c:fd_sort_dn_uint128_stable_fast
FNDA:0,fd_util.c:fd_sort_dn_uint128_stable
FNDA:0,fd_util.c:fd_sort_dn_uint128_inplace
FNDA:0,fd_util.c:fd_sort_dn_uint128_select
FNDA:0,fd_util.c:fd_sort_dn_float_stable_cnt_valid
FNDA:0,fd_util.c:fd_sort_dn_float_stable_scratch_align
FNDA:0,fd_util.c:fd_sort_dn_float_stable_scratch_footprint
FNDA:0,fd_util.c:fd_sort_dn_float_stable_fast
FNDA:0,fd_util.c:fd_sort_dn_float_stable
FNDA:0,fd_util.c:fd_sort_dn_float_inplace
FNDA:0,fd_util.c:fd_sort_dn_float_select
FNDA:0,fd_util.c:fd_sort_dn_double_stable_cnt_valid
FNDA:0,fd_util.c:fd_sort_dn_double_stable_scratch_align
FNDA:0,fd_util.c:fd_sort_dn_double_stable_scratch_footprint
FNDA:0,fd_util.c:fd_sort_dn_double_stable_fast
FNDA:0,fd_util.c:fd_sort_dn_double_stable
FNDA:0,fd_util.c:fd_sort_dn_double_inplace
FNDA:0,fd_util.c:fd_sort_dn_double_select
FNF:7
FNH:0
DA:573,0
DA:574,0
DA:575,0
DA:576,0
DA:577,0
DA:578,0
DA:579,0
DA:581,0
DA:582,0
DA:587,0
DA:588,0
DA:589,0
DA:590,0
DA:595,0
DA:596,0
DA:597,0
DA:598,0
DA:599,0
DA:603,0
DA:604,0
DA:605,0
DA:610,0
DA:611,0
DA:612,0
BRF:0
BRH:0
LF:24
LH:0
end_of_record
SF:/home/runner/work/firedancer-marcus/firedancer-marcus/src/util/tpool/fd_tpool.h
FN:575,fuzz_pcap.c:fd_tpool_private_worker0
FN:583,fuzz_pcap.c:fd_tpool_private_worker
FN:705,fuzz_pcap.c:fd_tpool_worker_cnt
FN:706,fuzz_pcap.c:fd_tpool_worker_max
FN:710,fuzz_pcap.c:fd_tpool_worker_tile_idx
FN:716,fuzz_pcap.c:fd_tpool_worker_scratch
FN:722,fuzz_pcap.c:fd_tpool_worker_scratch_sz
FN:736,fuzz_pcap.c:fd_tpool_worker_state
FN:770,fuzz_pcap.c:fd_tpool_exec
FN:795,fuzz_pcap.c:fd_tpool_wait
FN:887,fuzz_pcap.c:fd_tpool_exec_all_rrobin
FN:887,fuzz_pcap.c:fd_tpool_exec_all_block
FN:887,fuzz_pcap.c:fd_tpool_exec_all_batch
FN:887,fuzz_pcap.c:fd_tpool_exec_all_raw
FN:914,fuzz_pcap.c:fd_tpool_exec_all_taskq
FN:575,fd_util.c:fd_tpool_private_worker0
FN:583,fd_util.c:fd_tpool_private_worker
FN:705,fd_util.c:fd_tpool_worker_cnt
FN:706,fd_util.c:fd_tpool_worker_max
FN:710,fd_util.c:fd_tpool_worker_tile_idx
FN:716,fd_util.c:fd_tpool_worker_scratch
FN:722,fd_util.c:fd_tpool_worker_scratch_sz
FN:736,fd_util.c:fd_tpool_worker_state
FN:770,fd_util.c:fd_tpool_exec
FN:795,fd_util.c:fd_tpool_wait
FN:887,fd_util.c:fd_tpool_exec_all_rrobin
FN:887,fd_util.c:fd_tpool_exec_all_block
FN:887,fd_util.c:fd_tpool_exec_all_batch
FN:887,fd_util.c:fd_tpool_exec_all_raw
FN:914,fd_util.c:fd_tpool_exec_all_taskq
FNDA:0,fuzz_pcap.c:fd_tpool_private_worker0
FNDA:0,fuzz_pcap.c:fd_tpool_private_worker
FNDA:0,fuzz_pcap.c:fd_tpool_worker_cnt
FNDA:0,fuzz_pcap.c:fd_tpool_worker_max
FNDA:0,fuzz_pcap.c:fd_tpool_worker_tile_idx
FNDA:0,fuzz_pcap.c:fd_tpool_worker_scratch
FNDA:0,fuzz_pcap.c:fd_tpool_worker_scratch_sz
FNDA:0,fuzz_pcap.c:fd_tpool_worker_state
FNDA:0,fuzz_pcap.c:fd_tpool_exec
FNDA:0,fuzz_pcap.c:fd_tpool_wait
FNDA:0,fuzz_pcap.c:fd_tpool_exec_all_rrobin
FNDA:0,fuzz_pcap.c:fd_tpool_exec_all_block
FNDA:0,fuzz_pcap.c:fd_tpool_exec_all_batch
FNDA:0,fuzz_pcap.c:fd_tpool_exec_all_raw
FNDA:0,fuzz_pcap.c:fd_tpool_exec_all_taskq
FNDA:0,fd_util.c:fd_tpool_private_worker0
FNDA:0,fd_util.c:fd_tpool_private_worker
FNDA:0,fd_util.c:fd_tpool_worker_cnt
FNDA:0,fd_util.c:fd_tpool_worker_max
FNDA:0,fd_util.c:fd_tpool_worker_tile_idx
FNDA:0,fd_util.c:fd_tpool_worker_scratch
FNDA:0,fd_util.c:fd_tpool_worker_scratch_sz
FNDA:0,fd_util.c:fd_tpool_worker_state
FNDA:0,fd_util.c:fd_tpool_exec
FNDA:0,fd_util.c:fd_tpool_wait
FNDA:0,fd_util.c:fd_tpool_exec_all_rrobin
FNDA:0,fd_util.c:fd_tpool_exec_all_block
FNDA:0,fd_util.c:fd_tpool_exec_all_batch
FNDA:0,fd_util.c:fd_tpool_exec_all_raw
FNDA:0,fd_util.c:fd_tpool_exec_all_taskq
FNF:12
FNH:0
DA:575,0
DA:576,0
DA:577,0
DA:583,0
DA:584,0
DA:585,0
DA:705,0
DA:706,0
DA:710,0
DA:711,0
DA:712,0
DA:716,0
DA:717,0
DA:718,0
DA:722,0
DA:723,0
DA:724,0
DA:736,0
DA:737,0
DA:738,0
DA:770,0
DA:771,0
DA:772,0
DA:773,0
DA:774,0
DA:775,0
DA:776,0
DA:777,0
DA:778,0
DA:779,0
DA:780,0
DA:781,0
DA:782,0
DA:783,0
DA:784,0
DA:795,0
DA:796,0
DA:797,0
DA:798,0
DA:799,0
DA:800,0
DA:801,0
DA:802,0
DA:803,0
DA:887,0
DA:888,0
DA:889,0
DA:890,0
DA:914,0
DA:915,0
DA:916,0
DA:917,0
DA:918,0
DA:919,0
DA:920,0
DA:921,0
BRF:0
BRH:0
LF:56
LH:0
end_of_record
SF:/home/runner/work/firedancer-marcus/firedancer-marcus/src/util/wksp/fd_wksp.h
FN:368,fuzz_pcap.c:fd_wksp_gaddr_fast
FN:377,fuzz_pcap.c:fd_wksp_laddr_fast
FN:490,fuzz_pcap.c:fd_wksp_alloc
FN:706,fuzz_pcap.c:fd_wksp_new_anonymous
FN:710,fuzz_pcap.c:fd_wksp_delete_anonymous
FN:368,fd_util.c:fd_wksp_gaddr_fast
FN:377,fd_util.c:fd_wksp_laddr_fast
FN:490,fd_util.c:fd_wksp_alloc
FN:706,fd_util.c:fd_wksp_new_anonymous
FN:710,fd_util.c:fd_wksp_delete_anonymous
FNDA:0,fuzz_pcap.c:fd_wksp_gaddr_fast
FNDA:0,fuzz_pcap.c:fd_wksp_laddr_fast
FNDA:0,fuzz_pcap.c:fd_wksp_alloc
FNDA:0,fuzz_pcap.c:fd_wksp_new_anonymous
FNDA:0,fuzz_pcap.c:fd_wksp_delete_anonymous
FNDA:0,fd_util.c:fd_wksp_gaddr_fast
FNDA:0,fd_util.c:fd_wksp_laddr_fast
FNDA:0,fd_util.c:fd_wksp_alloc
FNDA:0,fd_util.c:fd_wksp_new_anonymous
FNDA:0,fd_util.c:fd_wksp_delete_anonymous
FNF:5
FNH:0
DA:368,0
DA:369,0
DA:370,0
DA:377,0
DA:378,0
DA:379,0
DA:490,0
DA:491,0
DA:492,0
DA:493,0
DA:706,0
DA:707,0
DA:708,0
DA:710,0
BRF:0
BRH:0
LF:14
LH:0
end_of_record
